[2026-02-25T19:51:37.637+0000] {local_task_job_runner.py:123} INFO - ::group::Pre task execution logs
[2026-02-25T19:51:37.709+0000] {taskinstance.py:2613} INFO - Dependencies all met for dep_context=non-requeueable deps ti=<TaskInstance: historical_ingest_for_month.fetch_and_upload_to_gcs backfill__2025-07-01T00:00:00+00:00 [queued]>
[2026-02-25T19:51:37.735+0000] {taskinstance.py:2613} INFO - Dependencies all met for dep_context=requeueable deps ti=<TaskInstance: historical_ingest_for_month.fetch_and_upload_to_gcs backfill__2025-07-01T00:00:00+00:00 [queued]>
[2026-02-25T19:51:37.740+0000] {taskinstance.py:2866} INFO - Starting attempt 1 of 1
[2026-02-25T19:51:37.796+0000] {taskinstance.py:2889} INFO - Executing <Task(PythonOperator): fetch_and_upload_to_gcs> on 2025-07-01 00:00:00+00:00
[2026-02-25T19:51:37.832+0000] {logging_mixin.py:190} WARNING - /home/***/.local/lib/python3.12/site-packages/***/task/task_runner/standard_task_runner.py:70 DeprecationWarning: This process (pid=2424) is multi-threaded, use of fork() may lead to deadlocks in the child.
[2026-02-25T19:51:37.850+0000] {standard_task_runner.py:72} INFO - Started process 2435 to run task
[2026-02-25T19:51:37.843+0000] {standard_task_runner.py:104} INFO - Running: ['***', 'tasks', 'run', 'historical_ingest_for_month', 'fetch_and_upload_to_gcs', 'backfill__2025-07-01T00:00:00+00:00', '--job-id', '14', '--pool', 'default_pool', '--raw', '--subdir', 'DAGS_FOLDER/ingest_for_month.py', '--cfg-path', '/tmp/tmpygtkd0ma']
[2026-02-25T19:51:37.899+0000] {standard_task_runner.py:105} INFO - Job 14: Subtask fetch_and_upload_to_gcs
[2026-02-25T19:51:38.083+0000] {logging_mixin.py:190} WARNING - /home/***/.local/lib/python3.12/site-packages/***/settings.py:209 DeprecationWarning: The sql_alchemy_conn option in [core] has been moved to the sql_alchemy_conn option in [database] - the old setting has been used, but please update your config.
[2026-02-25T19:51:39.277+0000] {task_command.py:467} INFO - Running <TaskInstance: historical_ingest_for_month.fetch_and_upload_to_gcs backfill__2025-07-01T00:00:00+00:00 [running]> on host 49b68930484c
[2026-02-25T19:51:39.283+0000] {logging_mixin.py:190} WARNING - /home/***/.local/lib/python3.12/site-packages/***/settings.py:470 DeprecationWarning: The sql_alchemy_conn option in [core] has been moved to the sql_alchemy_conn option in [database] - the old setting has been used, but please update your config.
[2026-02-25T19:51:40.537+0000] {taskinstance.py:3132} INFO - Exporting env vars: AIRFLOW_CTX_DAG_OWNER='***' AIRFLOW_CTX_DAG_ID='historical_ingest_for_month' AIRFLOW_CTX_TASK_ID='fetch_and_upload_to_gcs' AIRFLOW_CTX_EXECUTION_DATE='2025-07-01T00:00:00+00:00' AIRFLOW_CTX_TRY_NUMBER='1' AIRFLOW_CTX_DAG_RUN_ID='backfill__2025-07-01T00:00:00+00:00'
[2026-02-25T19:51:40.540+0000] {taskinstance.py:731} INFO - ::endgroup::
[2026-02-25T19:51:46.218+0000] {logging_mixin.py:190} INFO - month: 7
[2026-02-25T19:51:46.248+0000] {logging_mixin.py:190} INFO - year: 2025
[2026-02-25T19:51:46.251+0000] {logging_mixin.py:190} INFO - Fetching data from https://transparenciachc.blob.core.windows.net/oc-da/2025-7.zip...
[2026-02-25T19:51:47.842+0000] {logging_mixin.py:190} INFO - Buffering ZIP to temp file...
[2026-02-25T19:52:51.287+0000] {logging_mixin.py:190} INFO - Extracting CSV from ZIP...
[2026-02-25T19:53:28.579+0000] {job.py:229} INFO - Heartbeat recovered after 12.47 seconds
[2026-02-25T19:53:55.575+0000] {job.py:229} INFO - Heartbeat recovered after 27.02 seconds
[2026-02-25T19:54:51.093+0000] {job.py:229} INFO - Heartbeat recovered after 10.52 seconds
[2026-02-25T19:54:56.139+0000] {job.py:229} INFO - Heartbeat recovered after 10.50 seconds
[2026-02-25T19:57:00.409+0000] {logging_mixin.py:190} INFO - Uploaded https://transparenciachc.blob.core.windows.net/oc-da/2025-7.zip -> gs://sublime-seat-484418-h6-***_datazoomcap_project_bucket/historical/year=2025/month=07/data.csv
[2026-02-25T19:57:00.774+0000] {python.py:240} INFO - Done. Returned value was: None
[2026-02-25T19:57:02.692+0000] {taskinstance.py:340} INFO - ::group::Post task execution logs
[2026-02-25T19:57:02.767+0000] {taskinstance.py:352} INFO - Marking task as SUCCESS. dag_id=historical_ingest_for_month, task_id=fetch_and_upload_to_gcs, run_id=backfill__2025-07-01T00:00:00+00:00, execution_date=20250701T000000, start_date=20260225T195137, end_date=20260225T195702
[2026-02-25T19:57:04.070+0000] {local_task_job_runner.py:266} INFO - Task exited with return code 0
[2026-02-25T19:57:06.735+0000] {taskinstance.py:3895} INFO - 0 downstream tasks scheduled from follow-on schedule check
[2026-02-25T19:57:06.757+0000] {local_task_job_runner.py:245} INFO - ::endgroup::
