[2026-02-25T20:09:15.108+0000] {local_task_job_runner.py:123} INFO - ::group::Pre task execution logs
[2026-02-25T20:09:15.209+0000] {taskinstance.py:2613} INFO - Dependencies all met for dep_context=non-requeueable deps ti=<TaskInstance: historical_ingest_for_month.fetch_and_upload_to_gcs backfill__2024-04-01T00:00:00+00:00 [queued]>
[2026-02-25T20:09:15.256+0000] {taskinstance.py:2613} INFO - Dependencies all met for dep_context=requeueable deps ti=<TaskInstance: historical_ingest_for_month.fetch_and_upload_to_gcs backfill__2024-04-01T00:00:00+00:00 [queued]>
[2026-02-25T20:09:15.258+0000] {taskinstance.py:2866} INFO - Starting attempt 1 of 1
[2026-02-25T20:09:15.330+0000] {taskinstance.py:2889} INFO - Executing <Task(PythonOperator): fetch_and_upload_to_gcs> on 2024-04-01 00:00:00+00:00
[2026-02-25T20:09:15.375+0000] {logging_mixin.py:190} WARNING - /home/***/.local/lib/python3.12/site-packages/***/task/task_runner/standard_task_runner.py:70 DeprecationWarning: This process (pid=3524) is multi-threaded, use of fork() may lead to deadlocks in the child.
[2026-02-25T20:09:15.388+0000] {standard_task_runner.py:72} INFO - Started process 3549 to run task
[2026-02-25T20:09:15.386+0000] {standard_task_runner.py:104} INFO - Running: ['***', 'tasks', 'run', 'historical_ingest_for_month', 'fetch_and_upload_to_gcs', 'backfill__2024-04-01T00:00:00+00:00', '--job-id', '28', '--pool', 'default_pool', '--raw', '--subdir', 'DAGS_FOLDER/ingest_for_month.py', '--cfg-path', '/tmp/tmpb88m9850']
[2026-02-25T20:09:15.399+0000] {standard_task_runner.py:105} INFO - Job 28: Subtask fetch_and_upload_to_gcs
[2026-02-25T20:09:15.516+0000] {logging_mixin.py:190} WARNING - /home/***/.local/lib/python3.12/site-packages/***/settings.py:209 DeprecationWarning: The sql_alchemy_conn option in [core] has been moved to the sql_alchemy_conn option in [database] - the old setting has been used, but please update your config.
[2026-02-25T20:09:15.876+0000] {task_command.py:467} INFO - Running <TaskInstance: historical_ingest_for_month.fetch_and_upload_to_gcs backfill__2024-04-01T00:00:00+00:00 [running]> on host 49b68930484c
[2026-02-25T20:09:15.883+0000] {logging_mixin.py:190} WARNING - /home/***/.local/lib/python3.12/site-packages/***/settings.py:470 DeprecationWarning: The sql_alchemy_conn option in [core] has been moved to the sql_alchemy_conn option in [database] - the old setting has been used, but please update your config.
[2026-02-25T20:09:16.466+0000] {taskinstance.py:3132} INFO - Exporting env vars: AIRFLOW_CTX_DAG_OWNER='***' AIRFLOW_CTX_DAG_ID='historical_ingest_for_month' AIRFLOW_CTX_TASK_ID='fetch_and_upload_to_gcs' AIRFLOW_CTX_EXECUTION_DATE='2024-04-01T00:00:00+00:00' AIRFLOW_CTX_TRY_NUMBER='1' AIRFLOW_CTX_DAG_RUN_ID='backfill__2024-04-01T00:00:00+00:00'
[2026-02-25T20:09:16.472+0000] {taskinstance.py:731} INFO - ::endgroup::
[2026-02-25T20:09:16.507+0000] {logging_mixin.py:190} INFO - month: 4
[2026-02-25T20:09:16.508+0000] {logging_mixin.py:190} INFO - year: 2024
[2026-02-25T20:09:16.509+0000] {logging_mixin.py:190} INFO - Fetching data from https://transparenciachc.blob.core.windows.net/oc-da/2024-4.zip...
[2026-02-25T20:09:17.557+0000] {logging_mixin.py:190} INFO - Buffering ZIP to temp file...
[2026-02-25T20:10:35.482+0000] {logging_mixin.py:190} INFO - Extracting CSV from ZIP...
[2026-02-25T20:15:01.337+0000] {logging_mixin.py:190} INFO - Uploaded https://transparenciachc.blob.core.windows.net/oc-da/2024-4.zip -> gs://sublime-seat-484418-h6-***_datazoomcap_project_bucket/historical/year=2024/month=04/data.csv
[2026-02-25T20:15:01.338+0000] {python.py:240} INFO - Done. Returned value was: None
[2026-02-25T20:15:01.356+0000] {taskinstance.py:340} INFO - ::group::Post task execution logs
[2026-02-25T20:15:01.357+0000] {taskinstance.py:352} INFO - Marking task as SUCCESS. dag_id=historical_ingest_for_month, task_id=fetch_and_upload_to_gcs, run_id=backfill__2024-04-01T00:00:00+00:00, execution_date=20240401T000000, start_date=20260225T200915, end_date=20260225T201501
[2026-02-25T20:15:01.403+0000] {local_task_job_runner.py:266} INFO - Task exited with return code 0
[2026-02-25T20:15:01.421+0000] {taskinstance.py:3895} INFO - 0 downstream tasks scheduled from follow-on schedule check
[2026-02-25T20:15:01.424+0000] {local_task_job_runner.py:245} INFO - ::endgroup::
