[2026-02-28T02:05:14.171+0000] {local_task_job_runner.py:123} INFO - ::group::Pre task execution logs
[2026-02-28T02:05:14.195+0000] {taskinstance.py:2613} INFO - Dependencies all met for dep_context=non-requeueable deps ti=<TaskInstance: refresh_schema_gcs.upload_schema_to_gcs manual__2026-02-28T02:05:00+00:00 [queued]>
[2026-02-28T02:05:14.205+0000] {taskinstance.py:2613} INFO - Dependencies all met for dep_context=requeueable deps ti=<TaskInstance: refresh_schema_gcs.upload_schema_to_gcs manual__2026-02-28T02:05:00+00:00 [queued]>
[2026-02-28T02:05:14.206+0000] {taskinstance.py:2866} INFO - Starting attempt 1 of 1
[2026-02-28T02:05:14.224+0000] {taskinstance.py:2889} INFO - Executing <Task(LocalFilesystemToGCSOperator): upload_schema_to_gcs> on 2026-02-28 02:05:00+00:00
[2026-02-28T02:05:14.235+0000] {logging_mixin.py:190} WARNING - /home/***/.local/lib/python3.12/site-packages/***/task/task_runner/standard_task_runner.py:70 DeprecationWarning: This process (pid=5819) is multi-threaded, use of fork() may lead to deadlocks in the child.
[2026-02-28T02:05:14.237+0000] {standard_task_runner.py:72} INFO - Started process 5821 to run task
[2026-02-28T02:05:14.234+0000] {standard_task_runner.py:104} INFO - Running: ['***', 'tasks', 'run', 'refresh_schema_gcs', 'upload_schema_to_gcs', 'manual__2026-02-28T02:05:00+00:00', '--job-id', '55', '--raw', '--subdir', 'DAGS_FOLDER/refresh_schema_gcs.py', '--cfg-path', '/tmp/tmp0uxt7hmr']
[2026-02-28T02:05:14.238+0000] {standard_task_runner.py:105} INFO - Job 55: Subtask upload_schema_to_gcs
[2026-02-28T02:05:14.256+0000] {logging_mixin.py:190} WARNING - /home/***/.local/lib/python3.12/site-packages/***/settings.py:209 DeprecationWarning: The sql_alchemy_conn option in [core] has been moved to the sql_alchemy_conn option in [database] - the old setting has been used, but please update your config.
[2026-02-28T02:05:14.288+0000] {task_command.py:467} INFO - Running <TaskInstance: refresh_schema_gcs.upload_schema_to_gcs manual__2026-02-28T02:05:00+00:00 [running]> on host 49b68930484c
[2026-02-28T02:05:14.381+0000] {taskinstance.py:3132} INFO - Exporting env vars: AIRFLOW_CTX_DAG_OWNER='***' AIRFLOW_CTX_DAG_ID='refresh_schema_gcs' AIRFLOW_CTX_TASK_ID='upload_schema_to_gcs' AIRFLOW_CTX_EXECUTION_DATE='2026-02-28T02:05:00+00:00' AIRFLOW_CTX_TRY_NUMBER='1' AIRFLOW_CTX_DAG_RUN_ID='manual__2026-02-28T02:05:00+00:00'
[2026-02-28T02:05:14.382+0000] {taskinstance.py:731} INFO - ::endgroup::
[2026-02-28T02:05:14.398+0000] {crypto.py:82} WARNING - empty cryptography key - values will not be stored encrypted.
[2026-02-28T02:05:14.399+0000] {connection.py:277} WARNING - Connection schemes (type: google_cloud_platform) shall not contain '_' according to RFC3986.
[2026-02-28T02:05:14.400+0000] {base.py:84} INFO - Retrieving connection 'google_cloud_default'
[2026-02-28T02:05:14.718+0000] {gcs.py:594} INFO - File /opt/***/dags/schemas/raw_orders.json uploaded to schemas/raw_orders.json in sublime-seat-484418-h6-***_datazoomcap_project_bucket bucket
[2026-02-28T02:05:14.719+0000] {hook.py:208} WARNING - Data lineage tracking is disabled. Register a hook lineage reader to start tracking hook lineage.
[2026-02-28T02:05:14.729+0000] {taskinstance.py:340} INFO - ::group::Post task execution logs
[2026-02-28T02:05:14.729+0000] {taskinstance.py:352} INFO - Marking task as SUCCESS. dag_id=refresh_schema_gcs, task_id=upload_schema_to_gcs, run_id=manual__2026-02-28T02:05:00+00:00, execution_date=20260228T020500, start_date=20260228T020514, end_date=20260228T020514
[2026-02-28T02:05:14.775+0000] {local_task_job_runner.py:266} INFO - Task exited with return code 0
[2026-02-28T02:05:14.797+0000] {taskinstance.py:3895} INFO - 0 downstream tasks scheduled from follow-on schedule check
[2026-02-28T02:05:14.800+0000] {local_task_job_runner.py:245} INFO - ::endgroup::
