[2026-02-25T19:51:37.647+0000] {local_task_job_runner.py:123} INFO - ::group::Pre task execution logs
[2026-02-25T19:51:37.705+0000] {taskinstance.py:2613} INFO - Dependencies all met for dep_context=non-requeueable deps ti=<TaskInstance: historical_ingest_for_month.fetch_and_upload_to_gcs backfill__2025-09-01T00:00:00+00:00 [queued]>
[2026-02-25T19:51:37.733+0000] {taskinstance.py:2613} INFO - Dependencies all met for dep_context=requeueable deps ti=<TaskInstance: historical_ingest_for_month.fetch_and_upload_to_gcs backfill__2025-09-01T00:00:00+00:00 [queued]>
[2026-02-25T19:51:37.734+0000] {taskinstance.py:2866} INFO - Starting attempt 1 of 1
[2026-02-25T19:51:37.788+0000] {taskinstance.py:2889} INFO - Executing <Task(PythonOperator): fetch_and_upload_to_gcs> on 2025-09-01 00:00:00+00:00
[2026-02-25T19:51:37.812+0000] {logging_mixin.py:190} WARNING - /home/***/.local/lib/python3.12/site-packages/***/task/task_runner/standard_task_runner.py:70 DeprecationWarning: This process (pid=2428) is multi-threaded, use of fork() may lead to deadlocks in the child.
[2026-02-25T19:51:37.818+0000] {standard_task_runner.py:72} INFO - Started process 2436 to run task
[2026-02-25T19:51:37.815+0000] {standard_task_runner.py:104} INFO - Running: ['***', 'tasks', 'run', 'historical_ingest_for_month', 'fetch_and_upload_to_gcs', 'backfill__2025-09-01T00:00:00+00:00', '--job-id', '15', '--pool', 'default_pool', '--raw', '--subdir', 'DAGS_FOLDER/ingest_for_month.py', '--cfg-path', '/tmp/tmpqcd1wr5b']
[2026-02-25T19:51:37.821+0000] {standard_task_runner.py:105} INFO - Job 15: Subtask fetch_and_upload_to_gcs
[2026-02-25T19:51:37.907+0000] {logging_mixin.py:190} WARNING - /home/***/.local/lib/python3.12/site-packages/***/settings.py:209 DeprecationWarning: The sql_alchemy_conn option in [core] has been moved to the sql_alchemy_conn option in [database] - the old setting has been used, but please update your config.
[2026-02-25T19:51:38.810+0000] {task_command.py:467} INFO - Running <TaskInstance: historical_ingest_for_month.fetch_and_upload_to_gcs backfill__2025-09-01T00:00:00+00:00 [running]> on host 49b68930484c
[2026-02-25T19:51:38.820+0000] {logging_mixin.py:190} WARNING - /home/***/.local/lib/python3.12/site-packages/***/settings.py:470 DeprecationWarning: The sql_alchemy_conn option in [core] has been moved to the sql_alchemy_conn option in [database] - the old setting has been used, but please update your config.
[2026-02-25T19:51:40.486+0000] {taskinstance.py:3132} INFO - Exporting env vars: AIRFLOW_CTX_DAG_OWNER='***' AIRFLOW_CTX_DAG_ID='historical_ingest_for_month' AIRFLOW_CTX_TASK_ID='fetch_and_upload_to_gcs' AIRFLOW_CTX_EXECUTION_DATE='2025-09-01T00:00:00+00:00' AIRFLOW_CTX_TRY_NUMBER='1' AIRFLOW_CTX_DAG_RUN_ID='backfill__2025-09-01T00:00:00+00:00'
[2026-02-25T19:51:40.515+0000] {taskinstance.py:731} INFO - ::endgroup::
[2026-02-25T19:51:46.235+0000] {logging_mixin.py:190} INFO - month: 9
[2026-02-25T19:51:46.242+0000] {logging_mixin.py:190} INFO - year: 2025
[2026-02-25T19:51:46.251+0000] {logging_mixin.py:190} INFO - Fetching data from https://transparenciachc.blob.core.windows.net/oc-da/2025-9.zip...
[2026-02-25T19:51:47.868+0000] {logging_mixin.py:190} INFO - Buffering ZIP to temp file...
[2026-02-25T19:53:25.635+0000] {logging_mixin.py:190} INFO - Extracting CSV from ZIP...
[2026-02-25T19:53:28.488+0000] {job.py:229} INFO - Heartbeat recovered after 12.34 seconds
[2026-02-25T19:53:55.607+0000] {job.py:229} INFO - Heartbeat recovered after 27.15 seconds
[2026-02-25T19:57:29.871+0000] {logging_mixin.py:190} INFO - Uploaded https://transparenciachc.blob.core.windows.net/oc-da/2025-9.zip -> gs://sublime-seat-484418-h6-***_datazoomcap_project_bucket/historical/year=2025/month=09/data.csv
[2026-02-25T19:57:30.675+0000] {python.py:240} INFO - Done. Returned value was: None
[2026-02-25T19:57:34.388+0000] {taskinstance.py:340} INFO - ::group::Post task execution logs
[2026-02-25T19:57:34.401+0000] {taskinstance.py:352} INFO - Marking task as SUCCESS. dag_id=historical_ingest_for_month, task_id=fetch_and_upload_to_gcs, run_id=backfill__2025-09-01T00:00:00+00:00, execution_date=20250901T000000, start_date=20260225T195137, end_date=20260225T195734
[2026-02-25T19:57:34.629+0000] {local_task_job_runner.py:266} INFO - Task exited with return code 0
[2026-02-25T19:57:35.835+0000] {taskinstance.py:3895} INFO - 0 downstream tasks scheduled from follow-on schedule check
[2026-02-25T19:57:35.846+0000] {local_task_job_runner.py:245} INFO - ::endgroup::
