[2026-02-28T16:48:39.265+0000] {local_task_job_runner.py:123} INFO - ::group::Pre task execution logs
[2026-02-28T16:48:39.289+0000] {taskinstance.py:2613} INFO - Dependencies all met for dep_context=non-requeueable deps ti=<TaskInstance: historical_ingest_for_month.fetch_and_upload_to_gcs backfill__2025-05-01T00:00:00+00:00 [queued]>
[2026-02-28T16:48:39.303+0000] {taskinstance.py:2613} INFO - Dependencies all met for dep_context=requeueable deps ti=<TaskInstance: historical_ingest_for_month.fetch_and_upload_to_gcs backfill__2025-05-01T00:00:00+00:00 [queued]>
[2026-02-28T16:48:39.304+0000] {taskinstance.py:2866} INFO - Starting attempt 3 of 2
[2026-02-28T16:48:39.323+0000] {taskinstance.py:2889} INFO - Executing <Task(PythonOperator): fetch_and_upload_to_gcs> on 2025-05-01 00:00:00+00:00
[2026-02-28T16:48:39.334+0000] {logging_mixin.py:190} WARNING - /home/***/.local/lib/python3.12/site-packages/***/task/task_runner/standard_task_runner.py:70 DeprecationWarning: This process (pid=5477) is multi-threaded, use of fork() may lead to deadlocks in the child.
[2026-02-28T16:48:39.336+0000] {standard_task_runner.py:72} INFO - Started process 5478 to run task
[2026-02-28T16:48:39.334+0000] {standard_task_runner.py:104} INFO - Running: ['***', 'tasks', 'run', 'historical_ingest_for_month', 'fetch_and_upload_to_gcs', 'backfill__2025-05-01T00:00:00+00:00', '--job-id', '74', '--pool', 'default_pool', '--raw', '--subdir', 'DAGS_FOLDER/ingest_for_month.py', '--cfg-path', '/tmp/tmp3x774vfv']
[2026-02-28T16:48:39.338+0000] {standard_task_runner.py:105} INFO - Job 74: Subtask fetch_and_upload_to_gcs
[2026-02-28T16:48:39.357+0000] {logging_mixin.py:190} WARNING - /home/***/.local/lib/python3.12/site-packages/***/settings.py:209 DeprecationWarning: The sql_alchemy_conn option in [core] has been moved to the sql_alchemy_conn option in [database] - the old setting has been used, but please update your config.
[2026-02-28T16:48:39.405+0000] {task_command.py:467} INFO - Running <TaskInstance: historical_ingest_for_month.fetch_and_upload_to_gcs backfill__2025-05-01T00:00:00+00:00 [running]> on host 49b68930484c
[2026-02-28T16:48:39.408+0000] {logging_mixin.py:190} WARNING - /home/***/.local/lib/python3.12/site-packages/***/settings.py:470 DeprecationWarning: The sql_alchemy_conn option in [core] has been moved to the sql_alchemy_conn option in [database] - the old setting has been used, but please update your config.
[2026-02-28T16:48:39.545+0000] {taskinstance.py:3132} INFO - Exporting env vars: AIRFLOW_CTX_DAG_OWNER='***' AIRFLOW_CTX_DAG_ID='historical_ingest_for_month' AIRFLOW_CTX_TASK_ID='fetch_and_upload_to_gcs' AIRFLOW_CTX_EXECUTION_DATE='2025-05-01T00:00:00+00:00' AIRFLOW_CTX_TRY_NUMBER='3' AIRFLOW_CTX_DAG_RUN_ID='backfill__2025-05-01T00:00:00+00:00'
[2026-02-28T16:48:39.548+0000] {taskinstance.py:731} INFO - ::endgroup::
[2026-02-28T16:48:39.573+0000] {logging_mixin.py:190} INFO - month: 5
[2026-02-28T16:48:39.574+0000] {logging_mixin.py:190} INFO - year: 2025
[2026-02-28T16:48:39.575+0000] {logging_mixin.py:190} INFO - Fetching data from https://transparenciachc.blob.core.windows.net/oc-da/2025-5.zip...
[2026-02-28T16:48:40.259+0000] {logging_mixin.py:190} INFO - Buffering ZIP to temp file...
[2026-02-28T16:48:45.737+0000] {logging_mixin.py:190} INFO - Extracting CSV from ZIP...
[2026-02-28T16:48:45.738+0000] {logging_mixin.py:190} INFO - Converting encoding and buffering to a temporary CSV file...
[2026-02-28T16:48:50.839+0000] {logging_mixin.py:190} INFO - Uploading converted CSV to GCS...
[2026-02-28T16:49:16.464+0000] {logging_mixin.py:190} INFO - Uploaded https://transparenciachc.blob.core.windows.net/oc-da/2025-5.zip -> gs://sublime-seat-484418-h6-***_datazoomcap_project_bucket/historical/year=2025/month=05/data.csv
[2026-02-28T16:49:16.465+0000] {python.py:240} INFO - Done. Returned value was: None
[2026-02-28T16:49:16.477+0000] {taskinstance.py:340} INFO - ::group::Post task execution logs
[2026-02-28T16:49:16.478+0000] {taskinstance.py:352} INFO - Marking task as SUCCESS. dag_id=historical_ingest_for_month, task_id=fetch_and_upload_to_gcs, run_id=backfill__2025-05-01T00:00:00+00:00, execution_date=20250501T000000, start_date=20260228T164839, end_date=20260228T164916
[2026-02-28T16:49:16.519+0000] {local_task_job_runner.py:266} INFO - Task exited with return code 0
[2026-02-28T16:49:16.543+0000] {taskinstance.py:3895} INFO - 0 downstream tasks scheduled from follow-on schedule check
[2026-02-28T16:49:16.546+0000] {local_task_job_runner.py:245} INFO - ::endgroup::
