[2026-02-28T01:35:39.794+0000] {local_task_job_runner.py:123} INFO - ::group::Pre task execution logs
[2026-02-28T01:35:40.736+0000] {taskinstance.py:2613} INFO - Dependencies all met for dep_context=non-requeueable deps ti=<TaskInstance: historical_gcs_to_bq.task_historical_gcs_to_bq backfill__2024-04-01T00:00:00+00:00 [queued]>
[2026-02-28T01:35:41.072+0000] {taskinstance.py:2613} INFO - Dependencies all met for dep_context=requeueable deps ti=<TaskInstance: historical_gcs_to_bq.task_historical_gcs_to_bq backfill__2024-04-01T00:00:00+00:00 [queued]>
[2026-02-28T01:35:41.094+0000] {taskinstance.py:2866} INFO - Starting attempt 1 of 1
[2026-02-28T01:35:41.366+0000] {taskinstance.py:2889} INFO - Executing <Task(GCSToBigQueryOperator): task_historical_gcs_to_bq> on 2024-04-01 00:00:00+00:00
[2026-02-28T01:35:41.900+0000] {standard_task_runner.py:104} INFO - Running: ['***', 'tasks', 'run', 'historical_gcs_to_bq', 'task_historical_gcs_to_bq', 'backfill__2024-04-01T00:00:00+00:00', '--job-id', '40', '--pool', 'default_pool', '--raw', '--subdir', 'DAGS_FOLDER/historical_lake_to_warehouse.py', '--cfg-path', '/tmp/tmpasv_7bza']
[2026-02-28T01:35:42.221+0000] {standard_task_runner.py:105} INFO - Job 40: Subtask task_historical_gcs_to_bq
[2026-02-28T01:35:42.445+0000] {logging_mixin.py:190} WARNING - /home/***/.local/lib/python3.12/site-packages/***/task/task_runner/standard_task_runner.py:70 DeprecationWarning: This process (pid=3466) is multi-threaded, use of fork() may lead to deadlocks in the child.
[2026-02-28T01:35:42.501+0000] {standard_task_runner.py:72} INFO - Started process 3489 to run task
[2026-02-28T01:35:42.826+0000] {logging_mixin.py:190} WARNING - /home/***/.local/lib/python3.12/site-packages/***/settings.py:209 DeprecationWarning: The sql_alchemy_conn option in [core] has been moved to the sql_alchemy_conn option in [database] - the old setting has been used, but please update your config.
[2026-02-28T01:35:45.247+0000] {task_command.py:467} INFO - Running <TaskInstance: historical_gcs_to_bq.task_historical_gcs_to_bq backfill__2024-04-01T00:00:00+00:00 [running]> on host 49b68930484c
[2026-02-28T01:35:45.321+0000] {logging_mixin.py:190} WARNING - /home/***/.local/lib/python3.12/site-packages/***/settings.py:470 DeprecationWarning: The sql_alchemy_conn option in [core] has been moved to the sql_alchemy_conn option in [database] - the old setting has been used, but please update your config.
[2026-02-28T01:35:47.560+0000] {taskinstance.py:3132} INFO - Exporting env vars: AIRFLOW_CTX_DAG_OWNER='***' AIRFLOW_CTX_DAG_ID='historical_gcs_to_bq' AIRFLOW_CTX_TASK_ID='task_historical_gcs_to_bq' AIRFLOW_CTX_EXECUTION_DATE='2024-04-01T00:00:00+00:00' AIRFLOW_CTX_TRY_NUMBER='1' AIRFLOW_CTX_DAG_RUN_ID='backfill__2024-04-01T00:00:00+00:00'
[2026-02-28T01:35:47.568+0000] {taskinstance.py:731} INFO - ::endgroup::
[2026-02-28T01:35:48.107+0000] {crypto.py:82} WARNING - empty cryptography key - values will not be stored encrypted.
[2026-02-28T01:35:48.133+0000] {connection.py:277} WARNING - Connection schemes (type: google_cloud_platform) shall not contain '_' according to RFC3986.
[2026-02-28T01:35:48.154+0000] {base.py:84} INFO - Retrieving connection 'google_cloud_default'
[2026-02-28T01:35:48.161+0000] {connection.py:277} WARNING - Connection schemes (type: google_cloud_platform) shall not contain '_' according to RFC3986.
[2026-02-28T01:35:48.167+0000] {base.py:84} INFO - Retrieving connection 'google_cloud_default'
[2026-02-28T01:35:52.108+0000] {gcs_to_bigquery.py:362} INFO - Loaded fields from schema object: [{'name': 'ID', 'type': 'STRING', 'mode': 'NULLABLE', 'description': ''}, {'name': 'Codigo', 'type': 'STRING', 'mode': 'NULLABLE', 'description': ''}, {'name': 'Link', 'type': 'STRING', 'mode': 'NULLABLE', 'description': ''}, {'name': 'Nombre', 'type': 'STRING', 'mode': 'NULLABLE', 'description': ''}, {'name': 'Descripcion/Obervaciones', 'type': 'STRING', 'mode': 'NULLABLE', 'description': ''}, {'name': 'Tipo', 'type': 'STRING', 'mode': 'NULLABLE', 'description': ''}, {'name': 'ProcedenciaOC', 'type': 'STRING', 'mode': 'NULLABLE', 'description': ''}, {'name': 'EsTratoDirecto', 'type': 'STRING', 'mode': 'NULLABLE', 'description': ''}, {'name': 'EsCompraAgil', 'type': 'STRING', 'mode': 'NULLABLE', 'description': ''}, {'name': 'CodigoTipo', 'type': 'STRING', 'mode': 'NULLABLE', 'description': ''}, {'name': 'CodigoAbreviadoTipoOC', 'type': 'STRING', 'mode': 'NULLABLE', 'description': ''}, {'name': 'DescripcionTipoOC', 'type': 'STRING', 'mode': 'NULLABLE', 'description': ''}, {'name': 'codigoEstado', 'type': 'STRING', 'mode': 'NULLABLE', 'description': ''}, {'name': 'Estado', 'type': 'STRING', 'mode': 'NULLABLE', 'description': ''}, {'name': 'codigoEstadoProveedor', 'type': 'STRING', 'mode': 'NULLABLE', 'description': ''}, {'name': 'EstadoProveedor', 'type': 'STRING', 'mode': 'NULLABLE', 'description': ''}, {'name': 'FechaCreacion', 'type': 'STRING', 'mode': 'NULLABLE', 'description': ''}, {'name': 'FechaEnvio', 'type': 'STRING', 'mode': 'NULLABLE', 'description': ''}, {'name': 'FechaSolicitudCancelacion', 'type': 'STRING', 'mode': 'NULLABLE', 'description': ''}, {'name': 'fechaUltimaModificacion', 'type': 'STRING', 'mode': 'NULLABLE', 'description': ''}, {'name': 'FechaAceptacion', 'type': 'STRING', 'mode': 'NULLABLE', 'description': ''}, {'name': 'FechaCancelacion', 'type': 'STRING', 'mode': 'NULLABLE', 'description': ''}, {'name': 'tieneItems', 'type': 'STRING', 'mode': 'NULLABLE', 'description': ''}, {'name': 'PromedioCalificacion', 'type': 'STRING', 'mode': 'NULLABLE', 'description': ''}, {'name': 'CantidadEvaluacion', 'type': 'STRING', 'mode': 'NULLABLE', 'description': ''}, {'name': 'MontoTotalOC', 'type': 'STRING', 'mode': 'NULLABLE', 'description': ''}, {'name': 'TipoMonedaOC', 'type': 'STRING', 'mode': 'NULLABLE', 'description': ''}, {'name': 'MontoTotalOC_PesosChilenos', 'type': 'STRING', 'mode': 'NULLABLE', 'description': ''}, {'name': 'Impuestos', 'type': 'STRING', 'mode': 'NULLABLE', 'description': ''}, {'name': 'TipoImpuesto', 'type': 'STRING', 'mode': 'NULLABLE', 'description': ''}, {'name': 'Descuentos', 'type': 'STRING', 'mode': 'NULLABLE', 'description': ''}, {'name': 'Cargos', 'type': 'STRING', 'mode': 'NULLABLE', 'description': ''}, {'name': 'TotalNetoOC', 'type': 'STRING', 'mode': 'NULLABLE', 'description': ''}, {'name': 'CodigoUnidadCompra', 'type': 'STRING', 'mode': 'NULLABLE', 'description': ''}, {'name': 'RutUnidadCompra', 'type': 'STRING', 'mode': 'NULLABLE', 'description': ''}, {'name': 'UnidadCompra', 'type': 'STRING', 'mode': 'NULLABLE', 'description': ''}, {'name': 'CodigoOrganismoPublico', 'type': 'STRING', 'mode': 'NULLABLE', 'description': ''}, {'name': 'OrganismoPublico', 'type': 'STRING', 'mode': 'NULLABLE', 'description': ''}, {'name': 'sector', 'type': 'STRING', 'mode': 'NULLABLE', 'description': ''}, {'name': 'ActividadComprador', 'type': 'STRING', 'mode': 'NULLABLE', 'description': ''}, {'name': 'CiudadUnidadCompra', 'type': 'STRING', 'mode': 'NULLABLE', 'description': ''}, {'name': 'RegionUnidadCompra', 'type': 'STRING', 'mode': 'NULLABLE', 'description': ''}, {'name': 'PaisUnidadCompra', 'type': 'STRING', 'mode': 'NULLABLE', 'description': ''}, {'name': 'CodigoSucursal', 'type': 'STRING', 'mode': 'NULLABLE', 'description': ''}, {'name': 'RutSucursal', 'type': 'STRING', 'mode': 'NULLABLE', 'description': ''}, {'name': 'Sucursal', 'type': 'STRING', 'mode': 'NULLABLE', 'description': ''}, {'name': 'CodigoProveedor', 'type': 'STRING', 'mode': 'NULLABLE', 'description': ''}, {'name': 'NombreProveedor', 'type': 'STRING', 'mode': 'NULLABLE', 'description': ''}, {'name': 'ActividadProveedor', 'type': 'STRING', 'mode': 'NULLABLE', 'description': ''}, {'name': 'ComunaProveedor', 'type': 'STRING', 'mode': 'NULLABLE', 'description': ''}, {'name': 'RegionProveedor', 'type': 'STRING', 'mode': 'NULLABLE', 'description': ''}, {'name': 'PaisProveedor', 'type': 'STRING', 'mode': 'NULLABLE', 'description': ''}, {'name': 'Financiamiento', 'type': 'STRING', 'mode': 'NULLABLE', 'description': ''}, {'name': 'PorcentajeIva', 'type': 'STRING', 'mode': 'NULLABLE', 'description': ''}, {'name': 'Pais', 'type': 'STRING', 'mode': 'NULLABLE', 'description': ''}, {'name': 'TipoDespacho', 'type': 'STRING', 'mode': 'NULLABLE', 'description': ''}, {'name': 'FormaPago', 'type': 'STRING', 'mode': 'NULLABLE', 'description': ''}, {'name': 'CodigoLicitacion', 'type': 'STRING', 'mode': 'NULLABLE', 'description': ''}, {'name': 'Codigo_ConvenioMarco', 'type': 'STRING', 'mode': 'NULLABLE', 'description': ''}, {'name': 'IDItem', 'type': 'STRING', 'mode': 'NULLABLE', 'description': ''}, {'name': 'codigoCategoria', 'type': 'STRING', 'mode': 'NULLABLE', 'description': ''}, {'name': 'Categoria', 'type': 'STRING', 'mode': 'NULLABLE', 'description': ''}, {'name': 'codigoProductoONU', 'type': 'STRING', 'mode': 'NULLABLE', 'description': ''}, {'name': 'NombreroductoGenerico', 'type': 'STRING', 'mode': 'NULLABLE', 'description': ''}, {'name': 'RubroN1', 'type': 'STRING', 'mode': 'NULLABLE', 'description': ''}, {'name': 'RubroN2', 'type': 'STRING', 'mode': 'NULLABLE', 'description': ''}, {'name': 'RubroN3', 'type': 'STRING', 'mode': 'NULLABLE', 'description': ''}, {'name': 'EspecificacionComprador', 'type': 'STRING', 'mode': 'NULLABLE', 'description': ''}, {'name': 'EspecificacionProveedor', 'type': 'STRING', 'mode': 'NULLABLE', 'description': ''}, {'name': 'cantidad', 'type': 'STRING', 'mode': 'NULLABLE', 'description': ''}, {'name': 'UnidadMedida', 'type': 'STRING', 'mode': 'NULLABLE', 'description': ''}, {'name': 'monedaItem', 'type': 'STRING', 'mode': 'NULLABLE', 'description': ''}, {'name': 'precioNeto', 'type': 'STRING', 'mode': 'NULLABLE', 'description': ''}, {'name': 'totalCargos', 'type': 'STRING', 'mode': 'NULLABLE', 'description': ''}, {'name': 'totalDescuentos', 'type': 'STRING', 'mode': 'NULLABLE', 'description': ''}, {'name': 'totalImpuestos', 'type': 'STRING', 'mode': 'NULLABLE', 'description': ''}, {'name': 'totalLineaNeto', 'type': 'STRING', 'mode': 'NULLABLE', 'description': ''}, {'name': 'Forma de Pago', 'type': 'STRING', 'mode': 'NULLABLE', 'description': ''}]
[2026-02-28T01:35:52.122+0000] {gcs_to_bigquery.py:381} INFO - Using existing BigQuery table for storing data...
[2026-02-28T01:35:52.441+0000] {gcs_to_bigquery.py:639} INFO - Adding experimental 'schemaUpdateOptions': ['ALLOW_FIELD_ADDITION', 'ALLOW_FIELD_RELAXATION']
[2026-02-28T01:35:52.443+0000] {gcs_to_bigquery.py:385} INFO - Executing: {'load': {'autodetect': False, 'createDisposition': 'CREATE_IF_NEEDED', 'destinationTable': {'projectId': 'sublime-seat-484418-h6', 'datasetId': 'chilean_public_market', 'tableId': 'raw_orders$202404'}, 'sourceFormat': 'CSV', 'sourceUris': ['gs://sublime-seat-484418-h6-***_datazoomcap_project_bucket/historical/year=2024/month=04/data.csv'], 'writeDisposition': 'WRITE_TRUNCATE', 'ignoreUnknownValues': False, 'timePartitioning': {'type': 'MONTH'}, 'schema': {'fields': [{'name': 'ID', 'type': 'STRING', 'mode': 'NULLABLE', 'description': ''}, {'name': 'Codigo', 'type': 'STRING', 'mode': 'NULLABLE', 'description': ''}, {'name': 'Link', 'type': 'STRING', 'mode': 'NULLABLE', 'description': ''}, {'name': 'Nombre', 'type': 'STRING', 'mode': 'NULLABLE', 'description': ''}, {'name': 'Descripcion/Obervaciones', 'type': 'STRING', 'mode': 'NULLABLE', 'description': ''}, {'name': 'Tipo', 'type': 'STRING', 'mode': 'NULLABLE', 'description': ''}, {'name': 'ProcedenciaOC', 'type': 'STRING', 'mode': 'NULLABLE', 'description': ''}, {'name': 'EsTratoDirecto', 'type': 'STRING', 'mode': 'NULLABLE', 'description': ''}, {'name': 'EsCompraAgil', 'type': 'STRING', 'mode': 'NULLABLE', 'description': ''}, {'name': 'CodigoTipo', 'type': 'STRING', 'mode': 'NULLABLE', 'description': ''}, {'name': 'CodigoAbreviadoTipoOC', 'type': 'STRING', 'mode': 'NULLABLE', 'description': ''}, {'name': 'DescripcionTipoOC', 'type': 'STRING', 'mode': 'NULLABLE', 'description': ''}, {'name': 'codigoEstado', 'type': 'STRING', 'mode': 'NULLABLE', 'description': ''}, {'name': 'Estado', 'type': 'STRING', 'mode': 'NULLABLE', 'description': ''}, {'name': 'codigoEstadoProveedor', 'type': 'STRING', 'mode': 'NULLABLE', 'description': ''}, {'name': 'EstadoProveedor', 'type': 'STRING', 'mode': 'NULLABLE', 'description': ''}, {'name': 'FechaCreacion', 'type': 'STRING', 'mode': 'NULLABLE', 'description': ''}, {'name': 'FechaEnvio', 'type': 'STRING', 'mode': 'NULLABLE', 'description': ''}, {'name': 'FechaSolicitudCancelacion', 'type': 'STRING', 'mode': 'NULLABLE', 'description': ''}, {'name': 'fechaUltimaModificacion', 'type': 'STRING', 'mode': 'NULLABLE', 'description': ''}, {'name': 'FechaAceptacion', 'type': 'STRING', 'mode': 'NULLABLE', 'description': ''}, {'name': 'FechaCancelacion', 'type': 'STRING', 'mode': 'NULLABLE', 'description': ''}, {'name': 'tieneItems', 'type': 'STRING', 'mode': 'NULLABLE', 'description': ''}, {'name': 'PromedioCalificacion', 'type': 'STRING', 'mode': 'NULLABLE', 'description': ''}, {'name': 'CantidadEvaluacion', 'type': 'STRING', 'mode': 'NULLABLE', 'description': ''}, {'name': 'MontoTotalOC', 'type': 'STRING', 'mode': 'NULLABLE', 'description': ''}, {'name': 'TipoMonedaOC', 'type': 'STRING', 'mode': 'NULLABLE', 'description': ''}, {'name': 'MontoTotalOC_PesosChilenos', 'type': 'STRING', 'mode': 'NULLABLE', 'description': ''}, {'name': 'Impuestos', 'type': 'STRING', 'mode': 'NULLABLE', 'description': ''}, {'name': 'TipoImpuesto', 'type': 'STRING', 'mode': 'NULLABLE', 'description': ''}, {'name': 'Descuentos', 'type': 'STRING', 'mode': 'NULLABLE', 'description': ''}, {'name': 'Cargos', 'type': 'STRING', 'mode': 'NULLABLE', 'description': ''}, {'name': 'TotalNetoOC', 'type': 'STRING', 'mode': 'NULLABLE', 'description': ''}, {'name': 'CodigoUnidadCompra', 'type': 'STRING', 'mode': 'NULLABLE', 'description': ''}, {'name': 'RutUnidadCompra', 'type': 'STRING', 'mode': 'NULLABLE', 'description': ''}, {'name': 'UnidadCompra', 'type': 'STRING', 'mode': 'NULLABLE', 'description': ''}, {'name': 'CodigoOrganismoPublico', 'type': 'STRING', 'mode': 'NULLABLE', 'description': ''}, {'name': 'OrganismoPublico', 'type': 'STRING', 'mode': 'NULLABLE', 'description': ''}, {'name': 'sector', 'type': 'STRING', 'mode': 'NULLABLE', 'description': ''}, {'name': 'ActividadComprador', 'type': 'STRING', 'mode': 'NULLABLE', 'description': ''}, {'name': 'CiudadUnidadCompra', 'type': 'STRING', 'mode': 'NULLABLE', 'description': ''}, {'name': 'RegionUnidadCompra', 'type': 'STRING', 'mode': 'NULLABLE', 'description': ''}, {'name': 'PaisUnidadCompra', 'type': 'STRING', 'mode': 'NULLABLE', 'description': ''}, {'name': 'CodigoSucursal', 'type': 'STRING', 'mode': 'NULLABLE', 'description': ''}, {'name': 'RutSucursal', 'type': 'STRING', 'mode': 'NULLABLE', 'description': ''}, {'name': 'Sucursal', 'type': 'STRING', 'mode': 'NULLABLE', 'description': ''}, {'name': 'CodigoProveedor', 'type': 'STRING', 'mode': 'NULLABLE', 'description': ''}, {'name': 'NombreProveedor', 'type': 'STRING', 'mode': 'NULLABLE', 'description': ''}, {'name': 'ActividadProveedor', 'type': 'STRING', 'mode': 'NULLABLE', 'description': ''}, {'name': 'ComunaProveedor', 'type': 'STRING', 'mode': 'NULLABLE', 'description': ''}, {'name': 'RegionProveedor', 'type': 'STRING', 'mode': 'NULLABLE', 'description': ''}, {'name': 'PaisProveedor', 'type': 'STRING', 'mode': 'NULLABLE', 'description': ''}, {'name': 'Financiamiento', 'type': 'STRING', 'mode': 'NULLABLE', 'description': ''}, {'name': 'PorcentajeIva', 'type': 'STRING', 'mode': 'NULLABLE', 'description': ''}, {'name': 'Pais', 'type': 'STRING', 'mode': 'NULLABLE', 'description': ''}, {'name': 'TipoDespacho', 'type': 'STRING', 'mode': 'NULLABLE', 'description': ''}, {'name': 'FormaPago', 'type': 'STRING', 'mode': 'NULLABLE', 'description': ''}, {'name': 'CodigoLicitacion', 'type': 'STRING', 'mode': 'NULLABLE', 'description': ''}, {'name': 'Codigo_ConvenioMarco', 'type': 'STRING', 'mode': 'NULLABLE', 'description': ''}, {'name': 'IDItem', 'type': 'STRING', 'mode': 'NULLABLE', 'description': ''}, {'name': 'codigoCategoria', 'type': 'STRING', 'mode': 'NULLABLE', 'description': ''}, {'name': 'Categoria', 'type': 'STRING', 'mode': 'NULLABLE', 'description': ''}, {'name': 'codigoProductoONU', 'type': 'STRING', 'mode': 'NULLABLE', 'description': ''}, {'name': 'NombreroductoGenerico', 'type': 'STRING', 'mode': 'NULLABLE', 'description': ''}, {'name': 'RubroN1', 'type': 'STRING', 'mode': 'NULLABLE', 'description': ''}, {'name': 'RubroN2', 'type': 'STRING', 'mode': 'NULLABLE', 'description': ''}, {'name': 'RubroN3', 'type': 'STRING', 'mode': 'NULLABLE', 'description': ''}, {'name': 'EspecificacionComprador', 'type': 'STRING', 'mode': 'NULLABLE', 'description': ''}, {'name': 'EspecificacionProveedor', 'type': 'STRING', 'mode': 'NULLABLE', 'description': ''}, {'name': 'cantidad', 'type': 'STRING', 'mode': 'NULLABLE', 'description': ''}, {'name': 'UnidadMedida', 'type': 'STRING', 'mode': 'NULLABLE', 'description': ''}, {'name': 'monedaItem', 'type': 'STRING', 'mode': 'NULLABLE', 'description': ''}, {'name': 'precioNeto', 'type': 'STRING', 'mode': 'NULLABLE', 'description': ''}, {'name': 'totalCargos', 'type': 'STRING', 'mode': 'NULLABLE', 'description': ''}, {'name': 'totalDescuentos', 'type': 'STRING', 'mode': 'NULLABLE', 'description': ''}, {'name': 'totalImpuestos', 'type': 'STRING', 'mode': 'NULLABLE', 'description': ''}, {'name': 'totalLineaNeto', 'type': 'STRING', 'mode': 'NULLABLE', 'description': ''}, {'name': 'Forma de Pago', 'type': 'STRING', 'mode': 'NULLABLE', 'description': ''}]}, 'schemaUpdateOptions': ['ALLOW_FIELD_ADDITION', 'ALLOW_FIELD_RELAXATION'], 'skipLeadingRows': None, 'fieldDelimiter': ';', 'quote': None, 'allowQuotedNewlines': False, 'encoding': 'ISO-8859-1'}}
[2026-02-28T01:35:52.590+0000] {bigquery.py:1699} INFO - Inserting job ***_historical_gcs_to_bq_task_historical_gcs_to_bq_2024_04_01T00_00_00_00_00_a152d3e5f2b4f026f683eda8b6bf5d3d
[2026-02-28T01:35:53.310+0000] {taskinstance.py:3311} ERROR - Task failed with exception
Traceback (most recent call last):
  File "/home/airflow/.local/lib/python3.12/site-packages/airflow/models/taskinstance.py", line 767, in _execute_task
    result = _execute_callable(context=context, **execute_callable_kwargs)
             ^^^^^^^^^^^^^^^^^^^^^^^^^^^^^^^^^^^^^^^^^^^^^^^^^^^^^^^^^^^^^
  File "/home/airflow/.local/lib/python3.12/site-packages/airflow/models/taskinstance.py", line 733, in _execute_callable
    return ExecutionCallableRunner(
           ^^^^^^^^^^^^^^^^^^^^^^^^
  File "/home/airflow/.local/lib/python3.12/site-packages/airflow/utils/operator_helpers.py", line 252, in run
    return self.func(*args, **kwargs)
           ^^^^^^^^^^^^^^^^^^^^^^^^^^
  File "/home/airflow/.local/lib/python3.12/site-packages/airflow/models/baseoperator.py", line 417, in wrapper
    return func(self, *args, **kwargs)
           ^^^^^^^^^^^^^^^^^^^^^^^^^^^
  File "/home/airflow/.local/lib/python3.12/site-packages/airflow/providers/google/cloud/transfers/gcs_to_bigquery.py", line 386, in execute
    job: BigQueryJob | UnknownJob = self._submit_job(self.hook, job_id)
                                    ^^^^^^^^^^^^^^^^^^^^^^^^^^^^^^^^^^^
  File "/home/airflow/.local/lib/python3.12/site-packages/airflow/providers/google/cloud/transfers/gcs_to_bigquery.py", line 308, in _submit_job
    return hook.insert_job(
           ^^^^^^^^^^^^^^^^
  File "/home/airflow/.local/lib/python3.12/site-packages/airflow/providers/google/common/hooks/base_google.py", line 560, in inner_wrapper
    return func(self, *args, **kwargs)
           ^^^^^^^^^^^^^^^^^^^^^^^^^^^
  File "/home/airflow/.local/lib/python3.12/site-packages/airflow/providers/google/cloud/hooks/bigquery.py", line 1702, in insert_job
    job_api_repr._begin()
  File "/home/airflow/.local/lib/python3.12/site-packages/google/cloud/bigquery/job/base.py", line 740, in _begin
    api_response = client._call_api(
                   ^^^^^^^^^^^^^^^^^
  File "/home/airflow/.local/lib/python3.12/site-packages/google/cloud/bigquery/client.py", line 831, in _call_api
    return call()
           ^^^^^^
  File "/home/airflow/.local/lib/python3.12/site-packages/google/api_core/retry/retry_unary.py", line 293, in retry_wrapped_func
    return retry_target(
           ^^^^^^^^^^^^^
  File "/home/airflow/.local/lib/python3.12/site-packages/google/api_core/retry/retry_unary.py", line 153, in retry_target
    _retry_error_helper(
  File "/home/airflow/.local/lib/python3.12/site-packages/google/api_core/retry/retry_base.py", line 212, in _retry_error_helper
    raise final_exc from source_exc
  File "/home/airflow/.local/lib/python3.12/site-packages/google/api_core/retry/retry_unary.py", line 144, in retry_target
    result = target()
             ^^^^^^^^
  File "/home/airflow/.local/lib/python3.12/site-packages/google/cloud/_http/__init__.py", line 494, in api_request
    raise exceptions.from_http_response(response)
google.api_core.exceptions.BadRequest: 400 POST https://bigquery.googleapis.com/bigquery/v2/projects/sublime-seat-484418-h6/jobs?prettyPrint=false: Invalid field name "Descripcion/Obervaciones". Fields must contain the allowed characters, and be at most 300 characters long. For allowed characters, please refer to https://cloud.google.com/bigquery/docs/schemas#column_names
[2026-02-28T01:35:53.748+0000] {taskinstance.py:1225} INFO - Marking task as FAILED. dag_id=historical_gcs_to_bq, task_id=task_historical_gcs_to_bq, run_id=backfill__2024-04-01T00:00:00+00:00, execution_date=20240401T000000, start_date=20260228T013540, end_date=20260228T013553
[2026-02-28T01:36:06.933+0000] {taskinstance.py:340} INFO - ::group::Post task execution logs
[2026-02-28T01:36:06.934+0000] {standard_task_runner.py:124} ERROR - Failed to execute job 40 for task task_historical_gcs_to_bq (400 POST https://bigquery.googleapis.com/bigquery/v2/projects/sublime-seat-484418-h6/jobs?prettyPrint=false: Invalid field name "Descripcion/Obervaciones". Fields must contain the allowed characters, and be at most 300 characters long. For allowed characters, please refer to https://cloud.google.com/bigquery/docs/schemas#column_names; 3489)
Traceback (most recent call last):
  File "/home/airflow/.local/lib/python3.12/site-packages/airflow/task/task_runner/standard_task_runner.py", line 117, in _start_by_fork
    ret = args.func(args, dag=self.dag)
          ^^^^^^^^^^^^^^^^^^^^^^^^^^^^^
  File "/home/airflow/.local/lib/python3.12/site-packages/airflow/cli/cli_config.py", line 49, in command
    return func(*args, **kwargs)
           ^^^^^^^^^^^^^^^^^^^^^
  File "/home/airflow/.local/lib/python3.12/site-packages/airflow/utils/cli.py", line 116, in wrapper
    return f(*args, **kwargs)
           ^^^^^^^^^^^^^^^^^^
  File "/home/airflow/.local/lib/python3.12/site-packages/airflow/cli/commands/task_command.py", line 483, in task_run
    task_return_code = _run_task_by_selected_method(args, _dag, ti)
                       ^^^^^^^^^^^^^^^^^^^^^^^^^^^^^^^^^^^^^^^^^^^^
  File "/home/airflow/.local/lib/python3.12/site-packages/airflow/cli/commands/task_command.py", line 256, in _run_task_by_selected_method
    return _run_raw_task(args, ti)
           ^^^^^^^^^^^^^^^^^^^^^^^
  File "/home/airflow/.local/lib/python3.12/site-packages/airflow/cli/commands/task_command.py", line 341, in _run_raw_task
    return ti._run_raw_task(
           ^^^^^^^^^^^^^^^^^
  File "/home/airflow/.local/lib/python3.12/site-packages/airflow/utils/session.py", line 97, in wrapper
    return func(*args, session=session, **kwargs)
           ^^^^^^^^^^^^^^^^^^^^^^^^^^^^^^^^^^^^^^
  File "/home/airflow/.local/lib/python3.12/site-packages/airflow/models/taskinstance.py", line 3005, in _run_raw_task
    return _run_raw_task(
           ^^^^^^^^^^^^^^
  File "/home/airflow/.local/lib/python3.12/site-packages/airflow/models/taskinstance.py", line 273, in _run_raw_task
    TaskInstance._execute_task_with_callbacks(
  File "/home/airflow/.local/lib/python3.12/site-packages/airflow/models/taskinstance.py", line 3159, in _execute_task_with_callbacks
    result = self._execute_task(context, task_orig)
             ^^^^^^^^^^^^^^^^^^^^^^^^^^^^^^^^^^^^^^
  File "/home/airflow/.local/lib/python3.12/site-packages/airflow/models/taskinstance.py", line 3183, in _execute_task
    return _execute_task(self, context, task_orig)
           ^^^^^^^^^^^^^^^^^^^^^^^^^^^^^^^^^^^^^^^
  File "/home/airflow/.local/lib/python3.12/site-packages/airflow/models/taskinstance.py", line 767, in _execute_task
    result = _execute_callable(context=context, **execute_callable_kwargs)
             ^^^^^^^^^^^^^^^^^^^^^^^^^^^^^^^^^^^^^^^^^^^^^^^^^^^^^^^^^^^^^
  File "/home/airflow/.local/lib/python3.12/site-packages/airflow/models/taskinstance.py", line 733, in _execute_callable
    return ExecutionCallableRunner(
           ^^^^^^^^^^^^^^^^^^^^^^^^
  File "/home/airflow/.local/lib/python3.12/site-packages/airflow/utils/operator_helpers.py", line 252, in run
    return self.func(*args, **kwargs)
           ^^^^^^^^^^^^^^^^^^^^^^^^^^
  File "/home/airflow/.local/lib/python3.12/site-packages/airflow/models/baseoperator.py", line 417, in wrapper
    return func(self, *args, **kwargs)
           ^^^^^^^^^^^^^^^^^^^^^^^^^^^
  File "/home/airflow/.local/lib/python3.12/site-packages/airflow/providers/google/cloud/transfers/gcs_to_bigquery.py", line 386, in execute
    job: BigQueryJob | UnknownJob = self._submit_job(self.hook, job_id)
                                    ^^^^^^^^^^^^^^^^^^^^^^^^^^^^^^^^^^^
  File "/home/airflow/.local/lib/python3.12/site-packages/airflow/providers/google/cloud/transfers/gcs_to_bigquery.py", line 308, in _submit_job
    return hook.insert_job(
           ^^^^^^^^^^^^^^^^
  File "/home/airflow/.local/lib/python3.12/site-packages/airflow/providers/google/common/hooks/base_google.py", line 560, in inner_wrapper
    return func(self, *args, **kwargs)
           ^^^^^^^^^^^^^^^^^^^^^^^^^^^
  File "/home/airflow/.local/lib/python3.12/site-packages/airflow/providers/google/cloud/hooks/bigquery.py", line 1702, in insert_job
    job_api_repr._begin()
  File "/home/airflow/.local/lib/python3.12/site-packages/google/cloud/bigquery/job/base.py", line 740, in _begin
    api_response = client._call_api(
                   ^^^^^^^^^^^^^^^^^
  File "/home/airflow/.local/lib/python3.12/site-packages/google/cloud/bigquery/client.py", line 831, in _call_api
    return call()
           ^^^^^^
  File "/home/airflow/.local/lib/python3.12/site-packages/google/api_core/retry/retry_unary.py", line 293, in retry_wrapped_func
    return retry_target(
           ^^^^^^^^^^^^^
  File "/home/airflow/.local/lib/python3.12/site-packages/google/api_core/retry/retry_unary.py", line 153, in retry_target
    _retry_error_helper(
  File "/home/airflow/.local/lib/python3.12/site-packages/google/api_core/retry/retry_base.py", line 212, in _retry_error_helper
    raise final_exc from source_exc
  File "/home/airflow/.local/lib/python3.12/site-packages/google/api_core/retry/retry_unary.py", line 144, in retry_target
    result = target()
             ^^^^^^^^
  File "/home/airflow/.local/lib/python3.12/site-packages/google/cloud/_http/__init__.py", line 494, in api_request
    raise exceptions.from_http_response(response)
google.api_core.exceptions.BadRequest: 400 POST https://bigquery.googleapis.com/bigquery/v2/projects/sublime-seat-484418-h6/jobs?prettyPrint=false: Invalid field name "Descripcion/Obervaciones". Fields must contain the allowed characters, and be at most 300 characters long. For allowed characters, please refer to https://cloud.google.com/bigquery/docs/schemas#column_names
[2026-02-28T01:36:07.001+0000] {local_task_job_runner.py:266} INFO - Task exited with return code 1
[2026-02-28T01:36:07.028+0000] {taskinstance.py:3895} INFO - 0 downstream tasks scheduled from follow-on schedule check
[2026-02-28T01:36:07.070+0000] {local_task_job_runner.py:245} INFO - ::endgroup::
