[2026-02-25T19:20:03.124+0000] {local_task_job_runner.py:123} INFO - ::group::Pre task execution logs
[2026-02-25T19:20:03.140+0000] {taskinstance.py:2613} INFO - Dependencies all met for dep_context=non-requeueable deps ti=<TaskInstance: historical_ingest_for_month.fetch_and_upload_to_gcs manual__2025-01-01T00:00:00+00:00 [queued]>
[2026-02-25T19:20:03.149+0000] {taskinstance.py:2613} INFO - Dependencies all met for dep_context=requeueable deps ti=<TaskInstance: historical_ingest_for_month.fetch_and_upload_to_gcs manual__2025-01-01T00:00:00+00:00 [queued]>
[2026-02-25T19:20:03.150+0000] {taskinstance.py:2866} INFO - Starting attempt 3 of 3
[2026-02-25T19:20:03.166+0000] {taskinstance.py:2889} INFO - Executing <Task(PythonOperator): fetch_and_upload_to_gcs> on 2025-01-01 00:00:00+00:00
[2026-02-25T19:20:03.172+0000] {logging_mixin.py:190} WARNING - /home/***/.local/lib/python3.12/site-packages/***/task/task_runner/standard_task_runner.py:70 DeprecationWarning: This process (pid=504) is multi-threaded, use of fork() may lead to deadlocks in the child.
[2026-02-25T19:20:03.174+0000] {standard_task_runner.py:72} INFO - Started process 505 to run task
[2026-02-25T19:20:03.172+0000] {standard_task_runner.py:104} INFO - Running: ['***', 'tasks', 'run', 'historical_ingest_for_month', 'fetch_and_upload_to_gcs', 'manual__2025-01-01T00:00:00+00:00', '--job-id', '9', '--raw', '--subdir', 'DAGS_FOLDER/ingest_for_month.py', '--cfg-path', '/tmp/tmp9uzravxt']
[2026-02-25T19:20:03.175+0000] {standard_task_runner.py:105} INFO - Job 9: Subtask fetch_and_upload_to_gcs
[2026-02-25T19:20:03.190+0000] {logging_mixin.py:190} WARNING - /home/***/.local/lib/python3.12/site-packages/***/settings.py:209 DeprecationWarning: The sql_alchemy_conn option in [core] has been moved to the sql_alchemy_conn option in [database] - the old setting has been used, but please update your config.
[2026-02-25T19:20:03.225+0000] {task_command.py:467} INFO - Running <TaskInstance: historical_ingest_for_month.fetch_and_upload_to_gcs manual__2025-01-01T00:00:00+00:00 [running]> on host 49b68930484c
[2026-02-25T19:20:03.320+0000] {taskinstance.py:3132} INFO - Exporting env vars: AIRFLOW_CTX_DAG_OWNER='***' AIRFLOW_CTX_DAG_ID='historical_ingest_for_month' AIRFLOW_CTX_TASK_ID='fetch_and_upload_to_gcs' AIRFLOW_CTX_EXECUTION_DATE='2025-01-01T00:00:00+00:00' AIRFLOW_CTX_TRY_NUMBER='3' AIRFLOW_CTX_DAG_RUN_ID='manual__2025-01-01T00:00:00+00:00'
[2026-02-25T19:20:03.322+0000] {taskinstance.py:731} INFO - ::endgroup::
[2026-02-25T19:20:03.502+0000] {logging_mixin.py:190} INFO - month: 1
[2026-02-25T19:20:03.503+0000] {logging_mixin.py:190} INFO - year: 2025
[2026-02-25T19:20:03.504+0000] {logging_mixin.py:190} INFO - Fetching data from https://transparenciachc.blob.core.windows.net/oc-da/2025-1.zip...
[2026-02-25T19:20:04.314+0000] {logging_mixin.py:190} INFO - Buffering ZIP to temp file...
[2026-02-25T19:20:09.427+0000] {logging_mixin.py:190} INFO - Extracting CSV from ZIP...
[2026-02-25T19:20:25.588+0000] {logging_mixin.py:190} INFO - Uploaded https://transparenciachc.blob.core.windows.net/oc-da/2025-1.zip -> gs://sublime-seat-484418-h6-***_datazoomcap_project_bucket/None/year=2025/month=01/data.csv
[2026-02-25T19:20:25.591+0000] {python.py:240} INFO - Done. Returned value was: None
[2026-02-25T19:20:25.606+0000] {taskinstance.py:340} INFO - ::group::Post task execution logs
[2026-02-25T19:20:25.610+0000] {taskinstance.py:352} INFO - Marking task as SUCCESS. dag_id=historical_ingest_for_month, task_id=fetch_and_upload_to_gcs, run_id=manual__2025-01-01T00:00:00+00:00, execution_date=20250101T000000, start_date=20260225T192003, end_date=20260225T192025
[2026-02-25T19:20:25.662+0000] {local_task_job_runner.py:266} INFO - Task exited with return code 0
[2026-02-25T19:20:25.691+0000] {taskinstance.py:3895} INFO - 0 downstream tasks scheduled from follow-on schedule check
[2026-02-25T19:20:25.695+0000] {local_task_job_runner.py:245} INFO - ::endgroup::
