[2026-02-25T19:47:34.067+0000] {local_task_job_runner.py:123} INFO - ::group::Pre task execution logs
[2026-02-25T19:47:34.091+0000] {taskinstance.py:2613} INFO - Dependencies all met for dep_context=non-requeueable deps ti=<TaskInstance: historical_ingest_for_month.fetch_and_upload_to_gcs manual__2025-01-01T00:00:00+00:00 [queued]>
[2026-02-25T19:47:34.102+0000] {taskinstance.py:2613} INFO - Dependencies all met for dep_context=requeueable deps ti=<TaskInstance: historical_ingest_for_month.fetch_and_upload_to_gcs manual__2025-01-01T00:00:00+00:00 [queued]>
[2026-02-25T19:47:34.103+0000] {taskinstance.py:2866} INFO - Starting attempt 4 of 4
[2026-02-25T19:47:34.121+0000] {taskinstance.py:2889} INFO - Executing <Task(PythonOperator): fetch_and_upload_to_gcs> on 2025-01-01 00:00:00+00:00
[2026-02-25T19:47:34.127+0000] {logging_mixin.py:190} WARNING - /home/***/.local/lib/python3.12/site-packages/***/task/task_runner/standard_task_runner.py:70 DeprecationWarning: This process (pid=2058) is multi-threaded, use of fork() may lead to deadlocks in the child.
[2026-02-25T19:47:34.129+0000] {standard_task_runner.py:72} INFO - Started process 2059 to run task
[2026-02-25T19:47:34.127+0000] {standard_task_runner.py:104} INFO - Running: ['***', 'tasks', 'run', 'historical_ingest_for_month', 'fetch_and_upload_to_gcs', 'manual__2025-01-01T00:00:00+00:00', '--job-id', '10', '--raw', '--subdir', 'DAGS_FOLDER/ingest_for_month.py', '--cfg-path', '/tmp/tmpmxuu4sju']
[2026-02-25T19:47:34.130+0000] {standard_task_runner.py:105} INFO - Job 10: Subtask fetch_and_upload_to_gcs
[2026-02-25T19:47:34.145+0000] {logging_mixin.py:190} WARNING - /home/***/.local/lib/python3.12/site-packages/***/settings.py:209 DeprecationWarning: The sql_alchemy_conn option in [core] has been moved to the sql_alchemy_conn option in [database] - the old setting has been used, but please update your config.
[2026-02-25T19:47:34.182+0000] {task_command.py:467} INFO - Running <TaskInstance: historical_ingest_for_month.fetch_and_upload_to_gcs manual__2025-01-01T00:00:00+00:00 [running]> on host 49b68930484c
[2026-02-25T19:47:34.277+0000] {taskinstance.py:3132} INFO - Exporting env vars: AIRFLOW_CTX_DAG_OWNER='***' AIRFLOW_CTX_DAG_ID='historical_ingest_for_month' AIRFLOW_CTX_TASK_ID='fetch_and_upload_to_gcs' AIRFLOW_CTX_EXECUTION_DATE='2025-01-01T00:00:00+00:00' AIRFLOW_CTX_TRY_NUMBER='4' AIRFLOW_CTX_DAG_RUN_ID='manual__2025-01-01T00:00:00+00:00'
[2026-02-25T19:47:34.279+0000] {taskinstance.py:731} INFO - ::endgroup::
[2026-02-25T19:47:34.983+0000] {logging_mixin.py:190} INFO - month: 1
[2026-02-25T19:47:34.984+0000] {logging_mixin.py:190} INFO - year: 2025
[2026-02-25T19:47:34.984+0000] {logging_mixin.py:190} INFO - Fetching data from https://transparenciachc.blob.core.windows.net/oc-da/2025-1.zip...
[2026-02-25T19:47:35.819+0000] {logging_mixin.py:190} INFO - Buffering ZIP to temp file...
[2026-02-25T19:47:40.732+0000] {logging_mixin.py:190} INFO - Extracting CSV from ZIP...
[2026-02-25T19:48:04.680+0000] {logging_mixin.py:190} INFO - Uploaded https://transparenciachc.blob.core.windows.net/oc-da/2025-1.zip -> gs://sublime-seat-484418-h6-***_datazoomcap_project_bucket/historical/year=2025/month=01/data.csv
[2026-02-25T19:48:04.681+0000] {python.py:240} INFO - Done. Returned value was: None
[2026-02-25T19:48:04.696+0000] {taskinstance.py:340} INFO - ::group::Post task execution logs
[2026-02-25T19:48:04.696+0000] {taskinstance.py:352} INFO - Marking task as SUCCESS. dag_id=historical_ingest_for_month, task_id=fetch_and_upload_to_gcs, run_id=manual__2025-01-01T00:00:00+00:00, execution_date=20250101T000000, start_date=20260225T194734, end_date=20260225T194804
[2026-02-25T19:48:04.729+0000] {local_task_job_runner.py:266} INFO - Task exited with return code 0
[2026-02-25T19:48:04.754+0000] {taskinstance.py:3895} INFO - 0 downstream tasks scheduled from follow-on schedule check
[2026-02-25T19:48:04.757+0000] {local_task_job_runner.py:245} INFO - ::endgroup::
