[2026-02-28T16:50:01.063+0000] {local_task_job_runner.py:123} INFO - ::group::Pre task execution logs
[2026-02-28T16:50:01.082+0000] {taskinstance.py:2613} INFO - Dependencies all met for dep_context=non-requeueable deps ti=<TaskInstance: historical_ingest_for_month.fetch_and_upload_to_gcs backfill__2025-11-01T00:00:00+00:00 [queued]>
[2026-02-28T16:50:01.091+0000] {taskinstance.py:2613} INFO - Dependencies all met for dep_context=requeueable deps ti=<TaskInstance: historical_ingest_for_month.fetch_and_upload_to_gcs backfill__2025-11-01T00:00:00+00:00 [queued]>
[2026-02-28T16:50:01.092+0000] {taskinstance.py:2866} INFO - Starting attempt 3 of 2
[2026-02-28T16:50:01.112+0000] {taskinstance.py:2889} INFO - Executing <Task(PythonOperator): fetch_and_upload_to_gcs> on 2025-11-01 00:00:00+00:00
[2026-02-28T16:50:01.122+0000] {logging_mixin.py:190} WARNING - /home/***/.local/lib/python3.12/site-packages/***/task/task_runner/standard_task_runner.py:70 DeprecationWarning: This process (pid=5566) is multi-threaded, use of fork() may lead to deadlocks in the child.
[2026-02-28T16:50:01.125+0000] {standard_task_runner.py:72} INFO - Started process 5567 to run task
[2026-02-28T16:50:01.123+0000] {standard_task_runner.py:104} INFO - Running: ['***', 'tasks', 'run', 'historical_ingest_for_month', 'fetch_and_upload_to_gcs', 'backfill__2025-11-01T00:00:00+00:00', '--job-id', '76', '--pool', 'default_pool', '--raw', '--subdir', 'DAGS_FOLDER/ingest_for_month.py', '--cfg-path', '/tmp/tmpxbn_jeo9']
[2026-02-28T16:50:01.127+0000] {standard_task_runner.py:105} INFO - Job 76: Subtask fetch_and_upload_to_gcs
[2026-02-28T16:50:01.168+0000] {logging_mixin.py:190} WARNING - /home/***/.local/lib/python3.12/site-packages/***/settings.py:209 DeprecationWarning: The sql_alchemy_conn option in [core] has been moved to the sql_alchemy_conn option in [database] - the old setting has been used, but please update your config.
[2026-02-28T16:50:01.244+0000] {task_command.py:467} INFO - Running <TaskInstance: historical_ingest_for_month.fetch_and_upload_to_gcs backfill__2025-11-01T00:00:00+00:00 [running]> on host 49b68930484c
[2026-02-28T16:50:01.247+0000] {logging_mixin.py:190} WARNING - /home/***/.local/lib/python3.12/site-packages/***/settings.py:470 DeprecationWarning: The sql_alchemy_conn option in [core] has been moved to the sql_alchemy_conn option in [database] - the old setting has been used, but please update your config.
[2026-02-28T16:50:01.386+0000] {taskinstance.py:3132} INFO - Exporting env vars: AIRFLOW_CTX_DAG_OWNER='***' AIRFLOW_CTX_DAG_ID='historical_ingest_for_month' AIRFLOW_CTX_TASK_ID='fetch_and_upload_to_gcs' AIRFLOW_CTX_EXECUTION_DATE='2025-11-01T00:00:00+00:00' AIRFLOW_CTX_TRY_NUMBER='3' AIRFLOW_CTX_DAG_RUN_ID='backfill__2025-11-01T00:00:00+00:00'
[2026-02-28T16:50:01.387+0000] {taskinstance.py:731} INFO - ::endgroup::
[2026-02-28T16:50:01.403+0000] {logging_mixin.py:190} INFO - month: 11
[2026-02-28T16:50:01.403+0000] {logging_mixin.py:190} INFO - year: 2025
[2026-02-28T16:50:01.404+0000] {logging_mixin.py:190} INFO - Fetching data from https://transparenciachc.blob.core.windows.net/oc-da/2025-11.zip...
[2026-02-28T16:50:02.085+0000] {logging_mixin.py:190} INFO - Buffering ZIP to temp file...
[2026-02-28T16:50:08.162+0000] {logging_mixin.py:190} INFO - Extracting CSV from ZIP...
[2026-02-28T16:50:08.164+0000] {logging_mixin.py:190} INFO - Converting encoding and buffering to a temporary CSV file...
[2026-02-28T16:50:16.274+0000] {logging_mixin.py:190} INFO - Uploading converted CSV to GCS...
[2026-02-28T16:50:33.980+0000] {logging_mixin.py:190} INFO - Uploaded https://transparenciachc.blob.core.windows.net/oc-da/2025-11.zip -> gs://sublime-seat-484418-h6-***_datazoomcap_project_bucket/historical/year=2025/month=11/data.csv
[2026-02-28T16:50:33.982+0000] {python.py:240} INFO - Done. Returned value was: None
[2026-02-28T16:50:33.990+0000] {taskinstance.py:340} INFO - ::group::Post task execution logs
[2026-02-28T16:50:33.991+0000] {taskinstance.py:352} INFO - Marking task as SUCCESS. dag_id=historical_ingest_for_month, task_id=fetch_and_upload_to_gcs, run_id=backfill__2025-11-01T00:00:00+00:00, execution_date=20251101T000000, start_date=20260228T165001, end_date=20260228T165033
[2026-02-28T16:50:34.023+0000] {local_task_job_runner.py:266} INFO - Task exited with return code 0
[2026-02-28T16:50:34.037+0000] {taskinstance.py:3895} INFO - 0 downstream tasks scheduled from follow-on schedule check
[2026-02-28T16:50:34.040+0000] {local_task_job_runner.py:245} INFO - ::endgroup::
