[2026-02-25T20:09:15.084+0000] {local_task_job_runner.py:123} INFO - ::group::Pre task execution logs
[2026-02-25T20:09:15.173+0000] {taskinstance.py:2613} INFO - Dependencies all met for dep_context=non-requeueable deps ti=<TaskInstance: historical_ingest_for_month.fetch_and_upload_to_gcs backfill__2024-07-01T00:00:00+00:00 [queued]>
[2026-02-25T20:09:15.215+0000] {taskinstance.py:2613} INFO - Dependencies all met for dep_context=requeueable deps ti=<TaskInstance: historical_ingest_for_month.fetch_and_upload_to_gcs backfill__2024-07-01T00:00:00+00:00 [queued]>
[2026-02-25T20:09:15.221+0000] {taskinstance.py:2866} INFO - Starting attempt 1 of 1
[2026-02-25T20:09:15.298+0000] {taskinstance.py:2889} INFO - Executing <Task(PythonOperator): fetch_and_upload_to_gcs> on 2024-07-01 00:00:00+00:00
[2026-02-25T20:09:15.347+0000] {logging_mixin.py:190} WARNING - /home/***/.local/lib/python3.12/site-packages/***/task/task_runner/standard_task_runner.py:70 DeprecationWarning: This process (pid=3529) is multi-threaded, use of fork() may lead to deadlocks in the child.
[2026-02-25T20:09:15.363+0000] {standard_task_runner.py:72} INFO - Started process 3548 to run task
[2026-02-25T20:09:15.343+0000] {standard_task_runner.py:104} INFO - Running: ['***', 'tasks', 'run', 'historical_ingest_for_month', 'fetch_and_upload_to_gcs', 'backfill__2024-07-01T00:00:00+00:00', '--job-id', '26', '--pool', 'default_pool', '--raw', '--subdir', 'DAGS_FOLDER/ingest_for_month.py', '--cfg-path', '/tmp/tmp65ctqbd5']
[2026-02-25T20:09:15.372+0000] {standard_task_runner.py:105} INFO - Job 26: Subtask fetch_and_upload_to_gcs
[2026-02-25T20:09:15.417+0000] {logging_mixin.py:190} WARNING - /home/***/.local/lib/python3.12/site-packages/***/settings.py:209 DeprecationWarning: The sql_alchemy_conn option in [core] has been moved to the sql_alchemy_conn option in [database] - the old setting has been used, but please update your config.
[2026-02-25T20:09:15.692+0000] {task_command.py:467} INFO - Running <TaskInstance: historical_ingest_for_month.fetch_and_upload_to_gcs backfill__2024-07-01T00:00:00+00:00 [running]> on host 49b68930484c
[2026-02-25T20:09:15.696+0000] {logging_mixin.py:190} WARNING - /home/***/.local/lib/python3.12/site-packages/***/settings.py:470 DeprecationWarning: The sql_alchemy_conn option in [core] has been moved to the sql_alchemy_conn option in [database] - the old setting has been used, but please update your config.
[2026-02-25T20:09:16.548+0000] {taskinstance.py:3132} INFO - Exporting env vars: AIRFLOW_CTX_DAG_OWNER='***' AIRFLOW_CTX_DAG_ID='historical_ingest_for_month' AIRFLOW_CTX_TASK_ID='fetch_and_upload_to_gcs' AIRFLOW_CTX_EXECUTION_DATE='2024-07-01T00:00:00+00:00' AIRFLOW_CTX_TRY_NUMBER='1' AIRFLOW_CTX_DAG_RUN_ID='backfill__2024-07-01T00:00:00+00:00'
[2026-02-25T20:09:16.555+0000] {taskinstance.py:731} INFO - ::endgroup::
[2026-02-25T20:09:16.593+0000] {logging_mixin.py:190} INFO - month: 7
[2026-02-25T20:09:16.594+0000] {logging_mixin.py:190} INFO - year: 2024
[2026-02-25T20:09:16.594+0000] {logging_mixin.py:190} INFO - Fetching data from https://transparenciachc.blob.core.windows.net/oc-da/2024-7.zip...
[2026-02-25T20:09:17.574+0000] {logging_mixin.py:190} INFO - Buffering ZIP to temp file...
[2026-02-25T20:10:35.056+0000] {logging_mixin.py:190} INFO - Extracting CSV from ZIP...
[2026-02-25T20:14:52.172+0000] {logging_mixin.py:190} INFO - Uploaded https://transparenciachc.blob.core.windows.net/oc-da/2024-7.zip -> gs://sublime-seat-484418-h6-***_datazoomcap_project_bucket/historical/year=2024/month=07/data.csv
[2026-02-25T20:14:52.179+0000] {python.py:240} INFO - Done. Returned value was: None
[2026-02-25T20:14:52.220+0000] {taskinstance.py:340} INFO - ::group::Post task execution logs
[2026-02-25T20:14:52.222+0000] {taskinstance.py:352} INFO - Marking task as SUCCESS. dag_id=historical_ingest_for_month, task_id=fetch_and_upload_to_gcs, run_id=backfill__2024-07-01T00:00:00+00:00, execution_date=20240701T000000, start_date=20260225T200915, end_date=20260225T201452
[2026-02-25T20:14:55.841+0000] {local_task_job_runner.py:266} INFO - Task exited with return code 0
[2026-02-25T20:14:55.914+0000] {taskinstance.py:3895} INFO - 0 downstream tasks scheduled from follow-on schedule check
[2026-02-25T20:14:55.953+0000] {local_task_job_runner.py:245} INFO - ::endgroup::
