[2026-02-28T16:48:08.326+0000] {local_task_job_runner.py:123} INFO - ::group::Pre task execution logs
[2026-02-28T16:48:08.346+0000] {taskinstance.py:2613} INFO - Dependencies all met for dep_context=non-requeueable deps ti=<TaskInstance: historical_ingest_for_month.fetch_and_upload_to_gcs backfill__2025-02-01T00:00:00+00:00 [queued]>
[2026-02-28T16:48:08.359+0000] {taskinstance.py:2613} INFO - Dependencies all met for dep_context=requeueable deps ti=<TaskInstance: historical_ingest_for_month.fetch_and_upload_to_gcs backfill__2025-02-01T00:00:00+00:00 [queued]>
[2026-02-28T16:48:08.360+0000] {taskinstance.py:2866} INFO - Starting attempt 3 of 2
[2026-02-28T16:48:08.384+0000] {taskinstance.py:2889} INFO - Executing <Task(PythonOperator): fetch_and_upload_to_gcs> on 2025-02-01 00:00:00+00:00
[2026-02-28T16:48:08.405+0000] {standard_task_runner.py:104} INFO - Running: ['***', 'tasks', 'run', 'historical_ingest_for_month', 'fetch_and_upload_to_gcs', 'backfill__2025-02-01T00:00:00+00:00', '--job-id', '73', '--pool', 'default_pool', '--raw', '--subdir', 'DAGS_FOLDER/ingest_for_month.py', '--cfg-path', '/tmp/tmpqvujj9ag']
[2026-02-28T16:48:08.409+0000] {logging_mixin.py:190} WARNING - /home/***/.local/lib/python3.12/site-packages/***/task/task_runner/standard_task_runner.py:70 DeprecationWarning: This process (pid=5437) is multi-threaded, use of fork() may lead to deadlocks in the child.
[2026-02-28T16:48:08.411+0000] {standard_task_runner.py:105} INFO - Job 73: Subtask fetch_and_upload_to_gcs
[2026-02-28T16:48:08.412+0000] {standard_task_runner.py:72} INFO - Started process 5438 to run task
[2026-02-28T16:48:08.442+0000] {logging_mixin.py:190} WARNING - /home/***/.local/lib/python3.12/site-packages/***/settings.py:209 DeprecationWarning: The sql_alchemy_conn option in [core] has been moved to the sql_alchemy_conn option in [database] - the old setting has been used, but please update your config.
[2026-02-28T16:48:08.517+0000] {task_command.py:467} INFO - Running <TaskInstance: historical_ingest_for_month.fetch_and_upload_to_gcs backfill__2025-02-01T00:00:00+00:00 [running]> on host 49b68930484c
[2026-02-28T16:48:08.519+0000] {logging_mixin.py:190} WARNING - /home/***/.local/lib/python3.12/site-packages/***/settings.py:470 DeprecationWarning: The sql_alchemy_conn option in [core] has been moved to the sql_alchemy_conn option in [database] - the old setting has been used, but please update your config.
[2026-02-28T16:48:08.663+0000] {taskinstance.py:3132} INFO - Exporting env vars: AIRFLOW_CTX_DAG_OWNER='***' AIRFLOW_CTX_DAG_ID='historical_ingest_for_month' AIRFLOW_CTX_TASK_ID='fetch_and_upload_to_gcs' AIRFLOW_CTX_EXECUTION_DATE='2025-02-01T00:00:00+00:00' AIRFLOW_CTX_TRY_NUMBER='3' AIRFLOW_CTX_DAG_RUN_ID='backfill__2025-02-01T00:00:00+00:00'
[2026-02-28T16:48:08.665+0000] {taskinstance.py:731} INFO - ::endgroup::
[2026-02-28T16:48:08.697+0000] {logging_mixin.py:190} INFO - month: 2
[2026-02-28T16:48:08.697+0000] {logging_mixin.py:190} INFO - year: 2025
[2026-02-28T16:48:08.698+0000] {logging_mixin.py:190} INFO - Fetching data from https://transparenciachc.blob.core.windows.net/oc-da/2025-2.zip...
[2026-02-28T16:48:09.588+0000] {logging_mixin.py:190} INFO - Buffering ZIP to temp file...
[2026-02-28T16:48:15.064+0000] {logging_mixin.py:190} INFO - Extracting CSV from ZIP...
[2026-02-28T16:48:15.065+0000] {logging_mixin.py:190} INFO - Converting encoding and buffering to a temporary CSV file...
[2026-02-28T16:48:21.437+0000] {logging_mixin.py:190} INFO - Uploading converted CSV to GCS...
[2026-02-28T16:48:35.983+0000] {logging_mixin.py:190} INFO - Uploaded https://transparenciachc.blob.core.windows.net/oc-da/2025-2.zip -> gs://sublime-seat-484418-h6-***_datazoomcap_project_bucket/historical/year=2025/month=02/data.csv
[2026-02-28T16:48:35.985+0000] {python.py:240} INFO - Done. Returned value was: None
[2026-02-28T16:48:36.009+0000] {taskinstance.py:340} INFO - ::group::Post task execution logs
[2026-02-28T16:48:36.011+0000] {taskinstance.py:352} INFO - Marking task as SUCCESS. dag_id=historical_ingest_for_month, task_id=fetch_and_upload_to_gcs, run_id=backfill__2025-02-01T00:00:00+00:00, execution_date=20250201T000000, start_date=20260228T164808, end_date=20260228T164836
[2026-02-28T16:48:36.086+0000] {local_task_job_runner.py:266} INFO - Task exited with return code 0
[2026-02-28T16:48:36.125+0000] {taskinstance.py:3895} INFO - 0 downstream tasks scheduled from follow-on schedule check
[2026-02-28T16:48:36.144+0000] {local_task_job_runner.py:245} INFO - ::endgroup::
