[2026-02-25T19:51:37.617+0000] {local_task_job_runner.py:123} INFO - ::group::Pre task execution logs
[2026-02-25T19:51:37.667+0000] {taskinstance.py:2613} INFO - Dependencies all met for dep_context=non-requeueable deps ti=<TaskInstance: historical_ingest_for_month.fetch_and_upload_to_gcs backfill__2025-02-01T00:00:00+00:00 [queued]>
[2026-02-25T19:51:37.708+0000] {taskinstance.py:2613} INFO - Dependencies all met for dep_context=requeueable deps ti=<TaskInstance: historical_ingest_for_month.fetch_and_upload_to_gcs backfill__2025-02-01T00:00:00+00:00 [queued]>
[2026-02-25T19:51:37.709+0000] {taskinstance.py:2866} INFO - Starting attempt 1 of 1
[2026-02-25T19:51:37.780+0000] {taskinstance.py:2889} INFO - Executing <Task(PythonOperator): fetch_and_upload_to_gcs> on 2025-02-01 00:00:00+00:00
[2026-02-25T19:51:37.810+0000] {standard_task_runner.py:104} INFO - Running: ['***', 'tasks', 'run', 'historical_ingest_for_month', 'fetch_and_upload_to_gcs', 'backfill__2025-02-01T00:00:00+00:00', '--job-id', '13', '--pool', 'default_pool', '--raw', '--subdir', 'DAGS_FOLDER/ingest_for_month.py', '--cfg-path', '/tmp/tmpg1w943pq']
[2026-02-25T19:51:37.817+0000] {standard_task_runner.py:105} INFO - Job 13: Subtask fetch_and_upload_to_gcs
[2026-02-25T19:51:37.832+0000] {logging_mixin.py:190} WARNING - /home/***/.local/lib/python3.12/site-packages/***/task/task_runner/standard_task_runner.py:70 DeprecationWarning: This process (pid=2426) is multi-threaded, use of fork() may lead to deadlocks in the child.
[2026-02-25T19:51:37.833+0000] {standard_task_runner.py:72} INFO - Started process 2434 to run task
[2026-02-25T19:51:38.014+0000] {logging_mixin.py:190} WARNING - /home/***/.local/lib/python3.12/site-packages/***/settings.py:209 DeprecationWarning: The sql_alchemy_conn option in [core] has been moved to the sql_alchemy_conn option in [database] - the old setting has been used, but please update your config.
[2026-02-25T19:51:38.959+0000] {task_command.py:467} INFO - Running <TaskInstance: historical_ingest_for_month.fetch_and_upload_to_gcs backfill__2025-02-01T00:00:00+00:00 [running]> on host 49b68930484c
[2026-02-25T19:51:38.966+0000] {logging_mixin.py:190} WARNING - /home/***/.local/lib/python3.12/site-packages/***/settings.py:470 DeprecationWarning: The sql_alchemy_conn option in [core] has been moved to the sql_alchemy_conn option in [database] - the old setting has been used, but please update your config.
[2026-02-25T19:51:40.409+0000] {taskinstance.py:3132} INFO - Exporting env vars: AIRFLOW_CTX_DAG_OWNER='***' AIRFLOW_CTX_DAG_ID='historical_ingest_for_month' AIRFLOW_CTX_TASK_ID='fetch_and_upload_to_gcs' AIRFLOW_CTX_EXECUTION_DATE='2025-02-01T00:00:00+00:00' AIRFLOW_CTX_TRY_NUMBER='1' AIRFLOW_CTX_DAG_RUN_ID='backfill__2025-02-01T00:00:00+00:00'
[2026-02-25T19:51:40.423+0000] {taskinstance.py:731} INFO - ::endgroup::
[2026-02-25T19:51:46.241+0000] {logging_mixin.py:190} INFO - month: 2
[2026-02-25T19:51:46.251+0000] {logging_mixin.py:190} INFO - year: 2025
[2026-02-25T19:51:46.272+0000] {logging_mixin.py:190} INFO - Fetching data from https://transparenciachc.blob.core.windows.net/oc-da/2025-2.zip...
[2026-02-25T19:51:47.820+0000] {logging_mixin.py:190} INFO - Buffering ZIP to temp file...
[2026-02-25T19:53:17.224+0000] {logging_mixin.py:190} INFO - Extracting CSV from ZIP...
[2026-02-25T19:53:28.560+0000] {job.py:229} INFO - Heartbeat recovered after 12.40 seconds
[2026-02-25T19:53:55.555+0000] {connectionpool.py:870} WARNING - Retrying (Retry(total=2, connect=None, read=None, redirect=None, status=None)) after connection broken by 'SSLError(SSLEOFError(8, '[SSL: UNEXPECTED_EOF_WHILE_READING] EOF occurred in violation of protocol (_ssl.c:1000)'))': /token
[2026-02-25T19:53:55.617+0000] {job.py:229} INFO - Heartbeat recovered after 27.07 seconds
[2026-02-25T19:57:08.396+0000] {logging_mixin.py:190} INFO - Uploaded https://transparenciachc.blob.core.windows.net/oc-da/2025-2.zip -> gs://sublime-seat-484418-h6-***_datazoomcap_project_bucket/historical/year=2025/month=02/data.csv
[2026-02-25T19:57:08.602+0000] {python.py:240} INFO - Done. Returned value was: None
[2026-02-25T19:57:11.658+0000] {taskinstance.py:340} INFO - ::group::Post task execution logs
[2026-02-25T19:57:11.693+0000] {taskinstance.py:352} INFO - Marking task as SUCCESS. dag_id=historical_ingest_for_month, task_id=fetch_and_upload_to_gcs, run_id=backfill__2025-02-01T00:00:00+00:00, execution_date=20250201T000000, start_date=20260225T195137, end_date=20260225T195711
[2026-02-25T19:57:12.416+0000] {local_task_job_runner.py:266} INFO - Task exited with return code 0
[2026-02-25T19:57:12.595+0000] {standard_task_runner.py:217} INFO - Process not found (most likely exited), stop collecting metrics
[2026-02-25T19:57:14.054+0000] {taskinstance.py:3895} INFO - 0 downstream tasks scheduled from follow-on schedule check
[2026-02-25T19:57:14.076+0000] {local_task_job_runner.py:245} INFO - ::endgroup::
