[2026-02-28T23:48:43.468+0000] {logging_mixin.py:190} WARNING - /home/airflow/.local/lib/python3.12/site-packages/airflow/settings.py:470 DeprecationWarning: The sql_alchemy_conn option in [core] has been moved to the sql_alchemy_conn option in [database] - the old setting has been used, but please update your config.
[2026-02-28T23:48:43.474+0000] {processor.py:186} INFO - Started process (PID=37825) to work on /opt/airflow/dags/historical_ingest_gcs_to_bq.py
[2026-02-28T23:48:43.474+0000] {processor.py:914} INFO - Processing file /opt/airflow/dags/historical_ingest_gcs_to_bq.py for tasks to queue
[2026-02-28T23:48:43.476+0000] {logging_mixin.py:190} INFO - [2026-02-28T23:48:43.475+0000] {dagbag.py:588} INFO - Filling up the DagBag from /opt/airflow/dags/historical_ingest_gcs_to_bq.py
[2026-02-28T23:48:43.515+0000] {processor.py:925} INFO - DAG(s) 'historical_ingest_for_month' retrieved from /opt/airflow/dags/historical_ingest_gcs_to_bq.py
[2026-02-28T23:48:43.823+0000] {logging_mixin.py:190} INFO - [2026-02-28T23:48:43.823+0000] {dag.py:3239} INFO - Sync 1 DAGs
[2026-02-28T23:48:43.844+0000] {logging_mixin.py:190} INFO - [2026-02-28T23:48:43.843+0000] {dag.py:4180} INFO - Setting next_dagrun for historical_ingest_for_month to 2026-02-01 00:00:00+00:00, run_after=2026-03-01 00:00:00+00:00
[2026-02-28T23:48:43.873+0000] {processor.py:208} INFO - Processing /opt/airflow/dags/historical_ingest_gcs_to_bq.py took 0.408 seconds
[2026-02-28T23:49:14.054+0000] {logging_mixin.py:190} WARNING - /home/airflow/.local/lib/python3.12/site-packages/airflow/settings.py:470 DeprecationWarning: The sql_alchemy_conn option in [core] has been moved to the sql_alchemy_conn option in [database] - the old setting has been used, but please update your config.
[2026-02-28T23:49:14.060+0000] {processor.py:186} INFO - Started process (PID=37873) to work on /opt/airflow/dags/historical_ingest_gcs_to_bq.py
[2026-02-28T23:49:14.061+0000] {processor.py:914} INFO - Processing file /opt/airflow/dags/historical_ingest_gcs_to_bq.py for tasks to queue
[2026-02-28T23:49:14.062+0000] {logging_mixin.py:190} INFO - [2026-02-28T23:49:14.062+0000] {dagbag.py:588} INFO - Filling up the DagBag from /opt/airflow/dags/historical_ingest_gcs_to_bq.py
[2026-02-28T23:49:14.092+0000] {processor.py:925} INFO - DAG(s) 'historical_ingest_for_month' retrieved from /opt/airflow/dags/historical_ingest_gcs_to_bq.py
[2026-02-28T23:49:14.115+0000] {logging_mixin.py:190} INFO - [2026-02-28T23:49:14.115+0000] {dag.py:3239} INFO - Sync 1 DAGs
[2026-02-28T23:49:14.140+0000] {logging_mixin.py:190} INFO - [2026-02-28T23:49:14.140+0000] {dag.py:4180} INFO - Setting next_dagrun for historical_ingest_for_month to 2026-02-01 00:00:00+00:00, run_after=2026-03-01 00:00:00+00:00
[2026-02-28T23:49:14.162+0000] {processor.py:208} INFO - Processing /opt/airflow/dags/historical_ingest_gcs_to_bq.py took 0.111 seconds
[2026-02-28T23:49:44.670+0000] {logging_mixin.py:190} WARNING - /home/airflow/.local/lib/python3.12/site-packages/airflow/settings.py:470 DeprecationWarning: The sql_alchemy_conn option in [core] has been moved to the sql_alchemy_conn option in [database] - the old setting has been used, but please update your config.
[2026-02-28T23:49:44.676+0000] {processor.py:186} INFO - Started process (PID=37915) to work on /opt/airflow/dags/historical_ingest_gcs_to_bq.py
[2026-02-28T23:49:44.677+0000] {processor.py:914} INFO - Processing file /opt/airflow/dags/historical_ingest_gcs_to_bq.py for tasks to queue
[2026-02-28T23:49:44.678+0000] {logging_mixin.py:190} INFO - [2026-02-28T23:49:44.678+0000] {dagbag.py:588} INFO - Filling up the DagBag from /opt/airflow/dags/historical_ingest_gcs_to_bq.py
[2026-02-28T23:49:44.711+0000] {processor.py:925} INFO - DAG(s) 'historical_ingest_for_month' retrieved from /opt/airflow/dags/historical_ingest_gcs_to_bq.py
[2026-02-28T23:49:44.722+0000] {logging_mixin.py:190} INFO - [2026-02-28T23:49:44.722+0000] {dag.py:3239} INFO - Sync 1 DAGs
[2026-02-28T23:49:44.748+0000] {logging_mixin.py:190} INFO - [2026-02-28T23:49:44.747+0000] {dag.py:4180} INFO - Setting next_dagrun for historical_ingest_for_month to 2026-02-01 00:00:00+00:00, run_after=2026-03-01 00:00:00+00:00
[2026-02-28T23:49:44.766+0000] {processor.py:208} INFO - Processing /opt/airflow/dags/historical_ingest_gcs_to_bq.py took 0.099 seconds
[2026-02-28T23:50:15.313+0000] {logging_mixin.py:190} WARNING - /home/airflow/.local/lib/python3.12/site-packages/airflow/settings.py:470 DeprecationWarning: The sql_alchemy_conn option in [core] has been moved to the sql_alchemy_conn option in [database] - the old setting has been used, but please update your config.
[2026-02-28T23:50:15.320+0000] {processor.py:186} INFO - Started process (PID=37956) to work on /opt/airflow/dags/historical_ingest_gcs_to_bq.py
[2026-02-28T23:50:15.321+0000] {processor.py:914} INFO - Processing file /opt/airflow/dags/historical_ingest_gcs_to_bq.py for tasks to queue
[2026-02-28T23:50:15.322+0000] {logging_mixin.py:190} INFO - [2026-02-28T23:50:15.322+0000] {dagbag.py:588} INFO - Filling up the DagBag from /opt/airflow/dags/historical_ingest_gcs_to_bq.py
[2026-02-28T23:50:15.359+0000] {processor.py:925} INFO - DAG(s) 'historical_ingest_for_month' retrieved from /opt/airflow/dags/historical_ingest_gcs_to_bq.py
[2026-02-28T23:50:15.466+0000] {logging_mixin.py:190} INFO - [2026-02-28T23:50:15.466+0000] {dag.py:3239} INFO - Sync 1 DAGs
[2026-02-28T23:50:15.487+0000] {logging_mixin.py:190} INFO - [2026-02-28T23:50:15.487+0000] {dag.py:4180} INFO - Setting next_dagrun for historical_ingest_for_month to 2026-02-01 00:00:00+00:00, run_after=2026-03-01 00:00:00+00:00
[2026-02-28T23:50:15.506+0000] {processor.py:208} INFO - Processing /opt/airflow/dags/historical_ingest_gcs_to_bq.py took 0.196 seconds
[2026-02-28T23:50:45.950+0000] {logging_mixin.py:190} WARNING - /home/airflow/.local/lib/python3.12/site-packages/airflow/settings.py:470 DeprecationWarning: The sql_alchemy_conn option in [core] has been moved to the sql_alchemy_conn option in [database] - the old setting has been used, but please update your config.
[2026-02-28T23:50:45.957+0000] {processor.py:186} INFO - Started process (PID=38004) to work on /opt/airflow/dags/historical_ingest_gcs_to_bq.py
[2026-02-28T23:50:45.957+0000] {processor.py:914} INFO - Processing file /opt/airflow/dags/historical_ingest_gcs_to_bq.py for tasks to queue
[2026-02-28T23:50:45.959+0000] {logging_mixin.py:190} INFO - [2026-02-28T23:50:45.958+0000] {dagbag.py:588} INFO - Filling up the DagBag from /opt/airflow/dags/historical_ingest_gcs_to_bq.py
[2026-02-28T23:50:45.996+0000] {processor.py:925} INFO - DAG(s) 'historical_ingest_for_month' retrieved from /opt/airflow/dags/historical_ingest_gcs_to_bq.py
[2026-02-28T23:50:46.021+0000] {logging_mixin.py:190} INFO - [2026-02-28T23:50:46.021+0000] {dag.py:3239} INFO - Sync 1 DAGs
[2026-02-28T23:50:46.046+0000] {logging_mixin.py:190} INFO - [2026-02-28T23:50:46.046+0000] {dag.py:4180} INFO - Setting next_dagrun for historical_ingest_for_month to 2026-02-01 00:00:00+00:00, run_after=2026-03-01 00:00:00+00:00
[2026-02-28T23:50:46.065+0000] {processor.py:208} INFO - Processing /opt/airflow/dags/historical_ingest_gcs_to_bq.py took 0.118 seconds
[2026-02-28T23:51:16.474+0000] {logging_mixin.py:190} WARNING - /home/airflow/.local/lib/python3.12/site-packages/airflow/settings.py:470 DeprecationWarning: The sql_alchemy_conn option in [core] has been moved to the sql_alchemy_conn option in [database] - the old setting has been used, but please update your config.
[2026-02-28T23:51:16.480+0000] {processor.py:186} INFO - Started process (PID=38046) to work on /opt/airflow/dags/historical_ingest_gcs_to_bq.py
[2026-02-28T23:51:16.480+0000] {processor.py:914} INFO - Processing file /opt/airflow/dags/historical_ingest_gcs_to_bq.py for tasks to queue
[2026-02-28T23:51:16.482+0000] {logging_mixin.py:190} INFO - [2026-02-28T23:51:16.481+0000] {dagbag.py:588} INFO - Filling up the DagBag from /opt/airflow/dags/historical_ingest_gcs_to_bq.py
[2026-02-28T23:51:16.515+0000] {processor.py:925} INFO - DAG(s) 'historical_ingest_for_month' retrieved from /opt/airflow/dags/historical_ingest_gcs_to_bq.py
[2026-02-28T23:51:16.527+0000] {logging_mixin.py:190} INFO - [2026-02-28T23:51:16.527+0000] {dag.py:3239} INFO - Sync 1 DAGs
[2026-02-28T23:51:16.551+0000] {logging_mixin.py:190} INFO - [2026-02-28T23:51:16.551+0000] {dag.py:4180} INFO - Setting next_dagrun for historical_ingest_for_month to 2026-02-01 00:00:00+00:00, run_after=2026-03-01 00:00:00+00:00
[2026-02-28T23:51:16.571+0000] {processor.py:208} INFO - Processing /opt/airflow/dags/historical_ingest_gcs_to_bq.py took 0.100 seconds
[2026-02-28T23:51:47.127+0000] {logging_mixin.py:190} WARNING - /home/airflow/.local/lib/python3.12/site-packages/airflow/settings.py:470 DeprecationWarning: The sql_alchemy_conn option in [core] has been moved to the sql_alchemy_conn option in [database] - the old setting has been used, but please update your config.
[2026-02-28T23:51:47.133+0000] {processor.py:186} INFO - Started process (PID=38087) to work on /opt/airflow/dags/historical_ingest_gcs_to_bq.py
[2026-02-28T23:51:47.134+0000] {processor.py:914} INFO - Processing file /opt/airflow/dags/historical_ingest_gcs_to_bq.py for tasks to queue
[2026-02-28T23:51:47.135+0000] {logging_mixin.py:190} INFO - [2026-02-28T23:51:47.135+0000] {dagbag.py:588} INFO - Filling up the DagBag from /opt/airflow/dags/historical_ingest_gcs_to_bq.py
[2026-02-28T23:51:47.166+0000] {processor.py:925} INFO - DAG(s) 'historical_ingest_for_month' retrieved from /opt/airflow/dags/historical_ingest_gcs_to_bq.py
[2026-02-28T23:51:47.280+0000] {logging_mixin.py:190} INFO - [2026-02-28T23:51:47.280+0000] {dag.py:3239} INFO - Sync 1 DAGs
[2026-02-28T23:51:47.302+0000] {logging_mixin.py:190} INFO - [2026-02-28T23:51:47.302+0000] {dag.py:4180} INFO - Setting next_dagrun for historical_ingest_for_month to 2026-02-01 00:00:00+00:00, run_after=2026-03-01 00:00:00+00:00
[2026-02-28T23:51:47.321+0000] {processor.py:208} INFO - Processing /opt/airflow/dags/historical_ingest_gcs_to_bq.py took 0.197 seconds
[2026-02-28T23:52:17.765+0000] {logging_mixin.py:190} WARNING - /home/airflow/.local/lib/python3.12/site-packages/airflow/settings.py:470 DeprecationWarning: The sql_alchemy_conn option in [core] has been moved to the sql_alchemy_conn option in [database] - the old setting has been used, but please update your config.
[2026-02-28T23:52:17.771+0000] {processor.py:186} INFO - Started process (PID=38128) to work on /opt/airflow/dags/historical_ingest_gcs_to_bq.py
[2026-02-28T23:52:17.772+0000] {processor.py:914} INFO - Processing file /opt/airflow/dags/historical_ingest_gcs_to_bq.py for tasks to queue
[2026-02-28T23:52:17.773+0000] {logging_mixin.py:190} INFO - [2026-02-28T23:52:17.773+0000] {dagbag.py:588} INFO - Filling up the DagBag from /opt/airflow/dags/historical_ingest_gcs_to_bq.py
[2026-02-28T23:52:17.811+0000] {processor.py:925} INFO - DAG(s) 'historical_ingest_for_month' retrieved from /opt/airflow/dags/historical_ingest_gcs_to_bq.py
[2026-02-28T23:52:17.834+0000] {logging_mixin.py:190} INFO - [2026-02-28T23:52:17.834+0000] {dag.py:3239} INFO - Sync 1 DAGs
[2026-02-28T23:52:17.857+0000] {logging_mixin.py:190} INFO - [2026-02-28T23:52:17.857+0000] {dag.py:4180} INFO - Setting next_dagrun for historical_ingest_for_month to 2026-02-01 00:00:00+00:00, run_after=2026-03-01 00:00:00+00:00
[2026-02-28T23:52:17.878+0000] {processor.py:208} INFO - Processing /opt/airflow/dags/historical_ingest_gcs_to_bq.py took 0.116 seconds
[2026-02-28T23:52:48.378+0000] {logging_mixin.py:190} WARNING - /home/airflow/.local/lib/python3.12/site-packages/airflow/settings.py:470 DeprecationWarning: The sql_alchemy_conn option in [core] has been moved to the sql_alchemy_conn option in [database] - the old setting has been used, but please update your config.
[2026-02-28T23:52:48.384+0000] {processor.py:186} INFO - Started process (PID=38175) to work on /opt/airflow/dags/historical_ingest_gcs_to_bq.py
[2026-02-28T23:52:48.385+0000] {processor.py:914} INFO - Processing file /opt/airflow/dags/historical_ingest_gcs_to_bq.py for tasks to queue
[2026-02-28T23:52:48.386+0000] {logging_mixin.py:190} INFO - [2026-02-28T23:52:48.386+0000] {dagbag.py:588} INFO - Filling up the DagBag from /opt/airflow/dags/historical_ingest_gcs_to_bq.py
[2026-02-28T23:52:48.419+0000] {processor.py:925} INFO - DAG(s) 'historical_ingest_for_month' retrieved from /opt/airflow/dags/historical_ingest_gcs_to_bq.py
[2026-02-28T23:52:48.430+0000] {logging_mixin.py:190} INFO - [2026-02-28T23:52:48.430+0000] {dag.py:3239} INFO - Sync 1 DAGs
[2026-02-28T23:52:48.455+0000] {logging_mixin.py:190} INFO - [2026-02-28T23:52:48.454+0000] {dag.py:4180} INFO - Setting next_dagrun for historical_ingest_for_month to 2026-02-01 00:00:00+00:00, run_after=2026-03-01 00:00:00+00:00
[2026-02-28T23:52:48.475+0000] {processor.py:208} INFO - Processing /opt/airflow/dags/historical_ingest_gcs_to_bq.py took 0.100 seconds
[2026-02-28T23:53:18.990+0000] {logging_mixin.py:190} WARNING - /home/airflow/.local/lib/python3.12/site-packages/airflow/settings.py:470 DeprecationWarning: The sql_alchemy_conn option in [core] has been moved to the sql_alchemy_conn option in [database] - the old setting has been used, but please update your config.
[2026-02-28T23:53:18.996+0000] {processor.py:186} INFO - Started process (PID=38217) to work on /opt/airflow/dags/historical_ingest_gcs_to_bq.py
[2026-02-28T23:53:18.997+0000] {processor.py:914} INFO - Processing file /opt/airflow/dags/historical_ingest_gcs_to_bq.py for tasks to queue
[2026-02-28T23:53:18.998+0000] {logging_mixin.py:190} INFO - [2026-02-28T23:53:18.998+0000] {dagbag.py:588} INFO - Filling up the DagBag from /opt/airflow/dags/historical_ingest_gcs_to_bq.py
[2026-02-28T23:53:19.031+0000] {processor.py:925} INFO - DAG(s) 'historical_ingest_for_month' retrieved from /opt/airflow/dags/historical_ingest_gcs_to_bq.py
[2026-02-28T23:53:19.141+0000] {logging_mixin.py:190} INFO - [2026-02-28T23:53:19.140+0000] {dag.py:3239} INFO - Sync 1 DAGs
[2026-02-28T23:53:19.166+0000] {logging_mixin.py:190} INFO - [2026-02-28T23:53:19.165+0000] {dag.py:4180} INFO - Setting next_dagrun for historical_ingest_for_month to 2026-02-01 00:00:00+00:00, run_after=2026-03-01 00:00:00+00:00
[2026-02-28T23:53:19.186+0000] {processor.py:208} INFO - Processing /opt/airflow/dags/historical_ingest_gcs_to_bq.py took 0.199 seconds
[2026-02-28T23:53:49.575+0000] {logging_mixin.py:190} WARNING - /home/airflow/.local/lib/python3.12/site-packages/airflow/settings.py:470 DeprecationWarning: The sql_alchemy_conn option in [core] has been moved to the sql_alchemy_conn option in [database] - the old setting has been used, but please update your config.
[2026-02-28T23:53:49.581+0000] {processor.py:186} INFO - Started process (PID=38258) to work on /opt/airflow/dags/historical_ingest_gcs_to_bq.py
[2026-02-28T23:53:49.582+0000] {processor.py:914} INFO - Processing file /opt/airflow/dags/historical_ingest_gcs_to_bq.py for tasks to queue
[2026-02-28T23:53:49.583+0000] {logging_mixin.py:190} INFO - [2026-02-28T23:53:49.583+0000] {dagbag.py:588} INFO - Filling up the DagBag from /opt/airflow/dags/historical_ingest_gcs_to_bq.py
[2026-02-28T23:53:49.616+0000] {processor.py:925} INFO - DAG(s) 'historical_ingest_for_month' retrieved from /opt/airflow/dags/historical_ingest_gcs_to_bq.py
[2026-02-28T23:53:49.641+0000] {logging_mixin.py:190} INFO - [2026-02-28T23:53:49.640+0000] {dag.py:3239} INFO - Sync 1 DAGs
[2026-02-28T23:53:49.665+0000] {logging_mixin.py:190} INFO - [2026-02-28T23:53:49.665+0000] {dag.py:4180} INFO - Setting next_dagrun for historical_ingest_for_month to 2026-02-01 00:00:00+00:00, run_after=2026-03-01 00:00:00+00:00
[2026-02-28T23:53:49.685+0000] {processor.py:208} INFO - Processing /opt/airflow/dags/historical_ingest_gcs_to_bq.py took 0.113 seconds
[2026-02-28T23:54:20.310+0000] {logging_mixin.py:190} WARNING - /home/airflow/.local/lib/python3.12/site-packages/airflow/settings.py:470 DeprecationWarning: The sql_alchemy_conn option in [core] has been moved to the sql_alchemy_conn option in [database] - the old setting has been used, but please update your config.
[2026-02-28T23:54:20.318+0000] {processor.py:186} INFO - Started process (PID=38306) to work on /opt/airflow/dags/historical_ingest_gcs_to_bq.py
[2026-02-28T23:54:20.318+0000] {processor.py:914} INFO - Processing file /opt/airflow/dags/historical_ingest_gcs_to_bq.py for tasks to queue
[2026-02-28T23:54:20.319+0000] {logging_mixin.py:190} INFO - [2026-02-28T23:54:20.319+0000] {dagbag.py:588} INFO - Filling up the DagBag from /opt/airflow/dags/historical_ingest_gcs_to_bq.py
[2026-02-28T23:54:20.350+0000] {processor.py:925} INFO - DAG(s) 'historical_ingest_for_month' retrieved from /opt/airflow/dags/historical_ingest_gcs_to_bq.py
[2026-02-28T23:54:20.361+0000] {logging_mixin.py:190} INFO - [2026-02-28T23:54:20.361+0000] {dag.py:3239} INFO - Sync 1 DAGs
[2026-02-28T23:54:20.387+0000] {logging_mixin.py:190} INFO - [2026-02-28T23:54:20.386+0000] {dag.py:4180} INFO - Setting next_dagrun for historical_ingest_for_month to 2026-02-01 00:00:00+00:00, run_after=2026-03-01 00:00:00+00:00
[2026-02-28T23:54:20.409+0000] {processor.py:208} INFO - Processing /opt/airflow/dags/historical_ingest_gcs_to_bq.py took 0.102 seconds
[2026-02-28T23:54:50.796+0000] {logging_mixin.py:190} WARNING - /home/airflow/.local/lib/python3.12/site-packages/airflow/settings.py:470 DeprecationWarning: The sql_alchemy_conn option in [core] has been moved to the sql_alchemy_conn option in [database] - the old setting has been used, but please update your config.
[2026-02-28T23:54:50.804+0000] {processor.py:186} INFO - Started process (PID=38348) to work on /opt/airflow/dags/historical_ingest_gcs_to_bq.py
[2026-02-28T23:54:50.805+0000] {processor.py:914} INFO - Processing file /opt/airflow/dags/historical_ingest_gcs_to_bq.py for tasks to queue
[2026-02-28T23:54:50.806+0000] {logging_mixin.py:190} INFO - [2026-02-28T23:54:50.806+0000] {dagbag.py:588} INFO - Filling up the DagBag from /opt/airflow/dags/historical_ingest_gcs_to_bq.py
[2026-02-28T23:54:50.844+0000] {processor.py:925} INFO - DAG(s) 'historical_ingest_for_month' retrieved from /opt/airflow/dags/historical_ingest_gcs_to_bq.py
[2026-02-28T23:54:50.957+0000] {logging_mixin.py:190} INFO - [2026-02-28T23:54:50.957+0000] {dag.py:3239} INFO - Sync 1 DAGs
[2026-02-28T23:54:50.981+0000] {logging_mixin.py:190} INFO - [2026-02-28T23:54:50.981+0000] {dag.py:4180} INFO - Setting next_dagrun for historical_ingest_for_month to 2026-02-01 00:00:00+00:00, run_after=2026-03-01 00:00:00+00:00
[2026-02-28T23:54:51.002+0000] {processor.py:208} INFO - Processing /opt/airflow/dags/historical_ingest_gcs_to_bq.py took 0.210 seconds
[2026-02-28T23:55:21.529+0000] {logging_mixin.py:190} WARNING - /home/airflow/.local/lib/python3.12/site-packages/airflow/settings.py:470 DeprecationWarning: The sql_alchemy_conn option in [core] has been moved to the sql_alchemy_conn option in [database] - the old setting has been used, but please update your config.
[2026-02-28T23:55:21.537+0000] {processor.py:186} INFO - Started process (PID=38389) to work on /opt/airflow/dags/historical_ingest_gcs_to_bq.py
[2026-02-28T23:55:21.538+0000] {processor.py:914} INFO - Processing file /opt/airflow/dags/historical_ingest_gcs_to_bq.py for tasks to queue
[2026-02-28T23:55:21.539+0000] {logging_mixin.py:190} INFO - [2026-02-28T23:55:21.539+0000] {dagbag.py:588} INFO - Filling up the DagBag from /opt/airflow/dags/historical_ingest_gcs_to_bq.py
[2026-02-28T23:55:21.616+0000] {processor.py:925} INFO - DAG(s) 'historical_ingest_for_month' retrieved from /opt/airflow/dags/historical_ingest_gcs_to_bq.py
[2026-02-28T23:55:21.678+0000] {logging_mixin.py:190} INFO - [2026-02-28T23:55:21.677+0000] {dag.py:3239} INFO - Sync 1 DAGs
[2026-02-28T23:55:21.724+0000] {logging_mixin.py:190} INFO - [2026-02-28T23:55:21.724+0000] {dag.py:4180} INFO - Setting next_dagrun for historical_ingest_for_month to 2026-02-01 00:00:00+00:00, run_after=2026-03-01 00:00:00+00:00
[2026-02-28T23:55:21.759+0000] {processor.py:208} INFO - Processing /opt/airflow/dags/historical_ingest_gcs_to_bq.py took 0.234 seconds
[2026-02-28T23:55:52.112+0000] {logging_mixin.py:190} WARNING - /home/airflow/.local/lib/python3.12/site-packages/airflow/settings.py:470 DeprecationWarning: The sql_alchemy_conn option in [core] has been moved to the sql_alchemy_conn option in [database] - the old setting has been used, but please update your config.
[2026-02-28T23:55:52.120+0000] {processor.py:186} INFO - Started process (PID=38430) to work on /opt/airflow/dags/historical_ingest_gcs_to_bq.py
[2026-02-28T23:55:52.120+0000] {processor.py:914} INFO - Processing file /opt/airflow/dags/historical_ingest_gcs_to_bq.py for tasks to queue
[2026-02-28T23:55:52.122+0000] {logging_mixin.py:190} INFO - [2026-02-28T23:55:52.121+0000] {dagbag.py:588} INFO - Filling up the DagBag from /opt/airflow/dags/historical_ingest_gcs_to_bq.py
[2026-02-28T23:55:52.161+0000] {processor.py:925} INFO - DAG(s) 'historical_ingest_for_month' retrieved from /opt/airflow/dags/historical_ingest_gcs_to_bq.py
[2026-02-28T23:55:52.173+0000] {logging_mixin.py:190} INFO - [2026-02-28T23:55:52.173+0000] {dag.py:3239} INFO - Sync 1 DAGs
[2026-02-28T23:55:52.205+0000] {logging_mixin.py:190} INFO - [2026-02-28T23:55:52.204+0000] {dag.py:4180} INFO - Setting next_dagrun for historical_ingest_for_month to 2026-02-01 00:00:00+00:00, run_after=2026-03-01 00:00:00+00:00
[2026-02-28T23:55:52.224+0000] {processor.py:208} INFO - Processing /opt/airflow/dags/historical_ingest_gcs_to_bq.py took 0.115 seconds
[2026-02-28T23:56:22.723+0000] {logging_mixin.py:190} WARNING - /home/airflow/.local/lib/python3.12/site-packages/airflow/settings.py:470 DeprecationWarning: The sql_alchemy_conn option in [core] has been moved to the sql_alchemy_conn option in [database] - the old setting has been used, but please update your config.
[2026-02-28T23:56:22.734+0000] {processor.py:186} INFO - Started process (PID=38478) to work on /opt/airflow/dags/historical_ingest_gcs_to_bq.py
[2026-02-28T23:56:22.735+0000] {processor.py:914} INFO - Processing file /opt/airflow/dags/historical_ingest_gcs_to_bq.py for tasks to queue
[2026-02-28T23:56:22.738+0000] {logging_mixin.py:190} INFO - [2026-02-28T23:56:22.738+0000] {dagbag.py:588} INFO - Filling up the DagBag from /opt/airflow/dags/historical_ingest_gcs_to_bq.py
[2026-02-28T23:56:22.779+0000] {processor.py:925} INFO - DAG(s) 'historical_ingest_for_month' retrieved from /opt/airflow/dags/historical_ingest_gcs_to_bq.py
[2026-02-28T23:56:22.903+0000] {logging_mixin.py:190} INFO - [2026-02-28T23:56:22.903+0000] {dag.py:3239} INFO - Sync 1 DAGs
[2026-02-28T23:56:22.929+0000] {logging_mixin.py:190} INFO - [2026-02-28T23:56:22.929+0000] {dag.py:4180} INFO - Setting next_dagrun for historical_ingest_for_month to 2026-02-01 00:00:00+00:00, run_after=2026-03-01 00:00:00+00:00
[2026-02-28T23:56:22.952+0000] {processor.py:208} INFO - Processing /opt/airflow/dags/historical_ingest_gcs_to_bq.py took 0.233 seconds
[2026-02-28T23:56:53.378+0000] {logging_mixin.py:190} WARNING - /home/airflow/.local/lib/python3.12/site-packages/airflow/settings.py:470 DeprecationWarning: The sql_alchemy_conn option in [core] has been moved to the sql_alchemy_conn option in [database] - the old setting has been used, but please update your config.
[2026-02-28T23:56:53.388+0000] {processor.py:186} INFO - Started process (PID=38520) to work on /opt/airflow/dags/historical_ingest_gcs_to_bq.py
[2026-02-28T23:56:53.389+0000] {processor.py:914} INFO - Processing file /opt/airflow/dags/historical_ingest_gcs_to_bq.py for tasks to queue
[2026-02-28T23:56:53.391+0000] {logging_mixin.py:190} INFO - [2026-02-28T23:56:53.390+0000] {dagbag.py:588} INFO - Filling up the DagBag from /opt/airflow/dags/historical_ingest_gcs_to_bq.py
[2026-02-28T23:56:53.440+0000] {processor.py:925} INFO - DAG(s) 'historical_ingest_for_month' retrieved from /opt/airflow/dags/historical_ingest_gcs_to_bq.py
[2026-02-28T23:56:53.490+0000] {logging_mixin.py:190} INFO - [2026-02-28T23:56:53.489+0000] {dag.py:3239} INFO - Sync 1 DAGs
[2026-02-28T23:56:53.543+0000] {logging_mixin.py:190} INFO - [2026-02-28T23:56:53.543+0000] {dag.py:4180} INFO - Setting next_dagrun for historical_ingest_for_month to 2026-02-01 00:00:00+00:00, run_after=2026-03-01 00:00:00+00:00
[2026-02-28T23:56:53.577+0000] {processor.py:208} INFO - Processing /opt/airflow/dags/historical_ingest_gcs_to_bq.py took 0.203 seconds
[2026-02-28T23:57:24.033+0000] {logging_mixin.py:190} WARNING - /home/airflow/.local/lib/python3.12/site-packages/airflow/settings.py:470 DeprecationWarning: The sql_alchemy_conn option in [core] has been moved to the sql_alchemy_conn option in [database] - the old setting has been used, but please update your config.
[2026-02-28T23:57:24.039+0000] {processor.py:186} INFO - Started process (PID=38561) to work on /opt/airflow/dags/historical_ingest_gcs_to_bq.py
[2026-02-28T23:57:24.040+0000] {processor.py:914} INFO - Processing file /opt/airflow/dags/historical_ingest_gcs_to_bq.py for tasks to queue
[2026-02-28T23:57:24.041+0000] {logging_mixin.py:190} INFO - [2026-02-28T23:57:24.041+0000] {dagbag.py:588} INFO - Filling up the DagBag from /opt/airflow/dags/historical_ingest_gcs_to_bq.py
[2026-02-28T23:57:24.076+0000] {processor.py:925} INFO - DAG(s) 'historical_ingest_for_month' retrieved from /opt/airflow/dags/historical_ingest_gcs_to_bq.py
[2026-02-28T23:57:24.091+0000] {logging_mixin.py:190} INFO - [2026-02-28T23:57:24.090+0000] {dag.py:3239} INFO - Sync 1 DAGs
[2026-02-28T23:57:24.119+0000] {logging_mixin.py:190} INFO - [2026-02-28T23:57:24.119+0000] {dag.py:4180} INFO - Setting next_dagrun for historical_ingest_for_month to 2026-02-01 00:00:00+00:00, run_after=2026-03-01 00:00:00+00:00
[2026-02-28T23:57:24.139+0000] {processor.py:208} INFO - Processing /opt/airflow/dags/historical_ingest_gcs_to_bq.py took 0.108 seconds
[2026-02-28T23:57:52.675+0000] {logging_mixin.py:190} WARNING - /home/airflow/.local/lib/python3.12/site-packages/airflow/settings.py:470 DeprecationWarning: The sql_alchemy_conn option in [core] has been moved to the sql_alchemy_conn option in [database] - the old setting has been used, but please update your config.
[2026-02-28T23:57:52.681+0000] {processor.py:186} INFO - Started process (PID=38602) to work on /opt/airflow/dags/historical_ingest_gcs_to_bq.py
[2026-02-28T23:57:52.682+0000] {processor.py:914} INFO - Processing file /opt/airflow/dags/historical_ingest_gcs_to_bq.py for tasks to queue
[2026-02-28T23:57:52.683+0000] {logging_mixin.py:190} INFO - [2026-02-28T23:57:52.683+0000] {dagbag.py:588} INFO - Filling up the DagBag from /opt/airflow/dags/historical_ingest_gcs_to_bq.py
[2026-02-28T23:57:52.723+0000] {processor.py:925} INFO - DAG(s) 'historical_ingest_for_month' retrieved from /opt/airflow/dags/historical_ingest_gcs_to_bq.py
[2026-02-28T23:57:52.839+0000] {logging_mixin.py:190} INFO - [2026-02-28T23:57:52.839+0000] {dag.py:3239} INFO - Sync 1 DAGs
[2026-02-28T23:57:52.861+0000] {logging_mixin.py:190} INFO - [2026-02-28T23:57:52.860+0000] {dag.py:4180} INFO - Setting next_dagrun for historical_ingest_for_month to 2026-02-01 00:00:00+00:00, run_after=2026-03-01 00:00:00+00:00
[2026-02-28T23:57:52.884+0000] {processor.py:208} INFO - Processing /opt/airflow/dags/historical_ingest_gcs_to_bq.py took 0.212 seconds
[2026-02-28T23:58:23.139+0000] {logging_mixin.py:190} WARNING - /home/airflow/.local/lib/python3.12/site-packages/airflow/settings.py:470 DeprecationWarning: The sql_alchemy_conn option in [core] has been moved to the sql_alchemy_conn option in [database] - the old setting has been used, but please update your config.
[2026-02-28T23:58:23.145+0000] {processor.py:186} INFO - Started process (PID=38650) to work on /opt/airflow/dags/historical_ingest_gcs_to_bq.py
[2026-02-28T23:58:23.146+0000] {processor.py:914} INFO - Processing file /opt/airflow/dags/historical_ingest_gcs_to_bq.py for tasks to queue
[2026-02-28T23:58:23.147+0000] {logging_mixin.py:190} INFO - [2026-02-28T23:58:23.147+0000] {dagbag.py:588} INFO - Filling up the DagBag from /opt/airflow/dags/historical_ingest_gcs_to_bq.py
[2026-02-28T23:58:23.186+0000] {processor.py:925} INFO - DAG(s) 'historical_ingest_for_month' retrieved from /opt/airflow/dags/historical_ingest_gcs_to_bq.py
[2026-02-28T23:58:23.220+0000] {logging_mixin.py:190} INFO - [2026-02-28T23:58:23.219+0000] {dag.py:3239} INFO - Sync 1 DAGs
[2026-02-28T23:58:23.254+0000] {logging_mixin.py:190} INFO - [2026-02-28T23:58:23.253+0000] {dag.py:4180} INFO - Setting next_dagrun for historical_ingest_for_month to 2026-02-01 00:00:00+00:00, run_after=2026-03-01 00:00:00+00:00
[2026-02-28T23:58:23.289+0000] {processor.py:208} INFO - Processing /opt/airflow/dags/historical_ingest_gcs_to_bq.py took 0.153 seconds
[2026-02-28T23:58:53.879+0000] {logging_mixin.py:190} WARNING - /home/airflow/.local/lib/python3.12/site-packages/airflow/settings.py:470 DeprecationWarning: The sql_alchemy_conn option in [core] has been moved to the sql_alchemy_conn option in [database] - the old setting has been used, but please update your config.
[2026-02-28T23:58:53.885+0000] {processor.py:186} INFO - Started process (PID=38692) to work on /opt/airflow/dags/historical_ingest_gcs_to_bq.py
[2026-02-28T23:58:53.886+0000] {processor.py:914} INFO - Processing file /opt/airflow/dags/historical_ingest_gcs_to_bq.py for tasks to queue
[2026-02-28T23:58:53.887+0000] {logging_mixin.py:190} INFO - [2026-02-28T23:58:53.887+0000] {dagbag.py:588} INFO - Filling up the DagBag from /opt/airflow/dags/historical_ingest_gcs_to_bq.py
[2026-02-28T23:58:53.927+0000] {processor.py:925} INFO - DAG(s) 'historical_ingest_for_month' retrieved from /opt/airflow/dags/historical_ingest_gcs_to_bq.py
[2026-02-28T23:58:53.938+0000] {logging_mixin.py:190} INFO - [2026-02-28T23:58:53.938+0000] {dag.py:3239} INFO - Sync 1 DAGs
[2026-02-28T23:58:53.967+0000] {logging_mixin.py:190} INFO - [2026-02-28T23:58:53.966+0000] {dag.py:4180} INFO - Setting next_dagrun for historical_ingest_for_month to 2026-02-01 00:00:00+00:00, run_after=2026-03-01 00:00:00+00:00
[2026-02-28T23:58:53.990+0000] {processor.py:208} INFO - Processing /opt/airflow/dags/historical_ingest_gcs_to_bq.py took 0.114 seconds
[2026-02-28T23:59:24.369+0000] {logging_mixin.py:190} WARNING - /home/airflow/.local/lib/python3.12/site-packages/airflow/settings.py:470 DeprecationWarning: The sql_alchemy_conn option in [core] has been moved to the sql_alchemy_conn option in [database] - the old setting has been used, but please update your config.
[2026-02-28T23:59:24.378+0000] {processor.py:186} INFO - Started process (PID=38733) to work on /opt/airflow/dags/historical_ingest_gcs_to_bq.py
[2026-02-28T23:59:24.379+0000] {processor.py:914} INFO - Processing file /opt/airflow/dags/historical_ingest_gcs_to_bq.py for tasks to queue
[2026-02-28T23:59:24.380+0000] {logging_mixin.py:190} INFO - [2026-02-28T23:59:24.380+0000] {dagbag.py:588} INFO - Filling up the DagBag from /opt/airflow/dags/historical_ingest_gcs_to_bq.py
[2026-02-28T23:59:24.428+0000] {processor.py:925} INFO - DAG(s) 'historical_ingest_for_month' retrieved from /opt/airflow/dags/historical_ingest_gcs_to_bq.py
[2026-02-28T23:59:24.560+0000] {logging_mixin.py:190} INFO - [2026-02-28T23:59:24.559+0000] {dag.py:3239} INFO - Sync 1 DAGs
[2026-02-28T23:59:24.585+0000] {logging_mixin.py:190} INFO - [2026-02-28T23:59:24.584+0000] {dag.py:4180} INFO - Setting next_dagrun for historical_ingest_for_month to 2026-02-01 00:00:00+00:00, run_after=2026-03-01 00:00:00+00:00
[2026-02-28T23:59:24.613+0000] {processor.py:208} INFO - Processing /opt/airflow/dags/historical_ingest_gcs_to_bq.py took 0.247 seconds
[2026-02-28T23:59:55.181+0000] {logging_mixin.py:190} WARNING - /home/airflow/.local/lib/python3.12/site-packages/airflow/settings.py:470 DeprecationWarning: The sql_alchemy_conn option in [core] has been moved to the sql_alchemy_conn option in [database] - the old setting has been used, but please update your config.
[2026-02-28T23:59:55.187+0000] {processor.py:186} INFO - Started process (PID=38774) to work on /opt/airflow/dags/historical_ingest_gcs_to_bq.py
[2026-02-28T23:59:55.188+0000] {processor.py:914} INFO - Processing file /opt/airflow/dags/historical_ingest_gcs_to_bq.py for tasks to queue
[2026-02-28T23:59:55.189+0000] {logging_mixin.py:190} INFO - [2026-02-28T23:59:55.189+0000] {dagbag.py:588} INFO - Filling up the DagBag from /opt/airflow/dags/historical_ingest_gcs_to_bq.py
[2026-02-28T23:59:55.226+0000] {processor.py:925} INFO - DAG(s) 'historical_ingest_for_month' retrieved from /opt/airflow/dags/historical_ingest_gcs_to_bq.py
[2026-02-28T23:59:55.257+0000] {logging_mixin.py:190} INFO - [2026-02-28T23:59:55.256+0000] {dag.py:3239} INFO - Sync 1 DAGs
[2026-02-28T23:59:55.280+0000] {logging_mixin.py:190} INFO - [2026-02-28T23:59:55.280+0000] {dag.py:4180} INFO - Setting next_dagrun for historical_ingest_for_month to 2026-02-01 00:00:00+00:00, run_after=2026-03-01 00:00:00+00:00
[2026-02-28T23:59:55.300+0000] {processor.py:208} INFO - Processing /opt/airflow/dags/historical_ingest_gcs_to_bq.py took 0.122 seconds
