[2026-02-25T19:51:37.762+0000] {local_task_job_runner.py:123} INFO - ::group::Pre task execution logs
[2026-02-25T19:51:37.832+0000] {taskinstance.py:2613} INFO - Dependencies all met for dep_context=non-requeueable deps ti=<TaskInstance: historical_ingest_for_month.fetch_and_upload_to_gcs backfill__2025-08-01T00:00:00+00:00 [queued]>
[2026-02-25T19:51:37.855+0000] {taskinstance.py:2613} INFO - Dependencies all met for dep_context=requeueable deps ti=<TaskInstance: historical_ingest_for_month.fetch_and_upload_to_gcs backfill__2025-08-01T00:00:00+00:00 [queued]>
[2026-02-25T19:51:37.856+0000] {taskinstance.py:2866} INFO - Starting attempt 1 of 1
[2026-02-25T19:51:37.976+0000] {taskinstance.py:2889} INFO - Executing <Task(PythonOperator): fetch_and_upload_to_gcs> on 2025-08-01 00:00:00+00:00
[2026-02-25T19:51:38.312+0000] {logging_mixin.py:190} WARNING - /home/***/.local/lib/python3.12/site-packages/***/task/task_runner/standard_task_runner.py:70 DeprecationWarning: This process (pid=2422) is multi-threaded, use of fork() may lead to deadlocks in the child.
[2026-02-25T19:51:38.512+0000] {standard_task_runner.py:72} INFO - Started process 2449 to run task
[2026-02-25T19:51:38.459+0000] {standard_task_runner.py:104} INFO - Running: ['***', 'tasks', 'run', 'historical_ingest_for_month', 'fetch_and_upload_to_gcs', 'backfill__2025-08-01T00:00:00+00:00', '--job-id', '22', '--pool', 'default_pool', '--raw', '--subdir', 'DAGS_FOLDER/ingest_for_month.py', '--cfg-path', '/tmp/tmpuxagg60b']
[2026-02-25T19:51:38.675+0000] {standard_task_runner.py:105} INFO - Job 22: Subtask fetch_and_upload_to_gcs
[2026-02-25T19:51:39.169+0000] {logging_mixin.py:190} WARNING - /home/***/.local/lib/python3.12/site-packages/***/settings.py:209 DeprecationWarning: The sql_alchemy_conn option in [core] has been moved to the sql_alchemy_conn option in [database] - the old setting has been used, but please update your config.
[2026-02-25T19:51:39.763+0000] {task_command.py:467} INFO - Running <TaskInstance: historical_ingest_for_month.fetch_and_upload_to_gcs backfill__2025-08-01T00:00:00+00:00 [running]> on host 49b68930484c
[2026-02-25T19:51:39.767+0000] {logging_mixin.py:190} WARNING - /home/***/.local/lib/python3.12/site-packages/***/settings.py:470 DeprecationWarning: The sql_alchemy_conn option in [core] has been moved to the sql_alchemy_conn option in [database] - the old setting has been used, but please update your config.
[2026-02-25T19:51:40.993+0000] {taskinstance.py:3132} INFO - Exporting env vars: AIRFLOW_CTX_DAG_OWNER='***' AIRFLOW_CTX_DAG_ID='historical_ingest_for_month' AIRFLOW_CTX_TASK_ID='fetch_and_upload_to_gcs' AIRFLOW_CTX_EXECUTION_DATE='2025-08-01T00:00:00+00:00' AIRFLOW_CTX_TRY_NUMBER='1' AIRFLOW_CTX_DAG_RUN_ID='backfill__2025-08-01T00:00:00+00:00'
[2026-02-25T19:51:41.000+0000] {taskinstance.py:731} INFO - ::endgroup::
[2026-02-25T19:51:46.490+0000] {logging_mixin.py:190} INFO - month: 8
[2026-02-25T19:51:46.496+0000] {logging_mixin.py:190} INFO - year: 2025
[2026-02-25T19:51:46.497+0000] {logging_mixin.py:190} INFO - Fetching data from https://transparenciachc.blob.core.windows.net/oc-da/2025-8.zip...
[2026-02-25T19:51:47.869+0000] {logging_mixin.py:190} INFO - Buffering ZIP to temp file...
[2026-02-25T19:52:49.191+0000] {logging_mixin.py:190} INFO - Extracting CSV from ZIP...
[2026-02-25T19:53:28.474+0000] {job.py:229} INFO - Heartbeat recovered after 12.35 seconds
[2026-02-25T19:53:55.615+0000] {job.py:229} INFO - Heartbeat recovered after 27.16 seconds
[2026-02-25T19:56:32.185+0000] {logging_mixin.py:190} INFO - Uploaded https://transparenciachc.blob.core.windows.net/oc-da/2025-8.zip -> gs://sublime-seat-484418-h6-***_datazoomcap_project_bucket/historical/year=2025/month=08/data.csv
[2026-02-25T19:56:32.286+0000] {python.py:240} INFO - Done. Returned value was: None
[2026-02-25T19:56:32.519+0000] {taskinstance.py:340} INFO - ::group::Post task execution logs
[2026-02-25T19:56:32.531+0000] {taskinstance.py:352} INFO - Marking task as SUCCESS. dag_id=historical_ingest_for_month, task_id=fetch_and_upload_to_gcs, run_id=backfill__2025-08-01T00:00:00+00:00, execution_date=20250801T000000, start_date=20260225T195137, end_date=20260225T195632
[2026-02-25T19:56:32.838+0000] {local_task_job_runner.py:266} INFO - Task exited with return code 0
[2026-02-25T19:56:34.567+0000] {taskinstance.py:3895} INFO - 0 downstream tasks scheduled from follow-on schedule check
[2026-02-25T19:56:34.580+0000] {local_task_job_runner.py:245} INFO - ::endgroup::
