[2026-02-25T20:09:15.104+0000] {local_task_job_runner.py:123} INFO - ::group::Pre task execution logs
[2026-02-25T20:09:15.163+0000] {taskinstance.py:2613} INFO - Dependencies all met for dep_context=non-requeueable deps ti=<TaskInstance: historical_ingest_for_month.fetch_and_upload_to_gcs backfill__2024-11-01T00:00:00+00:00 [queued]>
[2026-02-25T20:09:15.191+0000] {taskinstance.py:2613} INFO - Dependencies all met for dep_context=requeueable deps ti=<TaskInstance: historical_ingest_for_month.fetch_and_upload_to_gcs backfill__2024-11-01T00:00:00+00:00 [queued]>
[2026-02-25T20:09:15.193+0000] {taskinstance.py:2866} INFO - Starting attempt 1 of 1
[2026-02-25T20:09:15.260+0000] {taskinstance.py:2889} INFO - Executing <Task(PythonOperator): fetch_and_upload_to_gcs> on 2024-11-01 00:00:00+00:00
[2026-02-25T20:09:15.292+0000] {logging_mixin.py:190} WARNING - /home/***/.local/lib/python3.12/site-packages/***/task/task_runner/standard_task_runner.py:70 DeprecationWarning: This process (pid=3533) is multi-threaded, use of fork() may lead to deadlocks in the child.
[2026-02-25T20:09:15.296+0000] {standard_task_runner.py:72} INFO - Started process 3546 to run task
[2026-02-25T20:09:15.311+0000] {standard_task_runner.py:104} INFO - Running: ['***', 'tasks', 'run', 'historical_ingest_for_month', 'fetch_and_upload_to_gcs', 'backfill__2024-11-01T00:00:00+00:00', '--job-id', '27', '--pool', 'default_pool', '--raw', '--subdir', 'DAGS_FOLDER/ingest_for_month.py', '--cfg-path', '/tmp/tmp05r57xse']
[2026-02-25T20:09:15.323+0000] {standard_task_runner.py:105} INFO - Job 27: Subtask fetch_and_upload_to_gcs
[2026-02-25T20:09:15.382+0000] {logging_mixin.py:190} WARNING - /home/***/.local/lib/python3.12/site-packages/***/settings.py:209 DeprecationWarning: The sql_alchemy_conn option in [core] has been moved to the sql_alchemy_conn option in [database] - the old setting has been used, but please update your config.
[2026-02-25T20:09:15.587+0000] {task_command.py:467} INFO - Running <TaskInstance: historical_ingest_for_month.fetch_and_upload_to_gcs backfill__2024-11-01T00:00:00+00:00 [running]> on host 49b68930484c
[2026-02-25T20:09:15.592+0000] {logging_mixin.py:190} WARNING - /home/***/.local/lib/python3.12/site-packages/***/settings.py:470 DeprecationWarning: The sql_alchemy_conn option in [core] has been moved to the sql_alchemy_conn option in [database] - the old setting has been used, but please update your config.
[2026-02-25T20:09:16.167+0000] {taskinstance.py:3132} INFO - Exporting env vars: AIRFLOW_CTX_DAG_OWNER='***' AIRFLOW_CTX_DAG_ID='historical_ingest_for_month' AIRFLOW_CTX_TASK_ID='fetch_and_upload_to_gcs' AIRFLOW_CTX_EXECUTION_DATE='2024-11-01T00:00:00+00:00' AIRFLOW_CTX_TRY_NUMBER='1' AIRFLOW_CTX_DAG_RUN_ID='backfill__2024-11-01T00:00:00+00:00'
[2026-02-25T20:09:16.171+0000] {taskinstance.py:731} INFO - ::endgroup::
[2026-02-25T20:09:16.417+0000] {logging_mixin.py:190} INFO - month: 11
[2026-02-25T20:09:16.424+0000] {logging_mixin.py:190} INFO - year: 2024
[2026-02-25T20:09:16.428+0000] {logging_mixin.py:190} INFO - Fetching data from https://transparenciachc.blob.core.windows.net/oc-da/2024-11.zip...
[2026-02-25T20:09:17.574+0000] {logging_mixin.py:190} INFO - Buffering ZIP to temp file...
[2026-02-25T20:10:39.431+0000] {logging_mixin.py:190} INFO - Extracting CSV from ZIP...
[2026-02-25T20:14:48.989+0000] {logging_mixin.py:190} INFO - Uploaded https://transparenciachc.blob.core.windows.net/oc-da/2024-11.zip -> gs://sublime-seat-484418-h6-***_datazoomcap_project_bucket/historical/year=2024/month=11/data.csv
[2026-02-25T20:14:48.992+0000] {python.py:240} INFO - Done. Returned value was: None
[2026-02-25T20:14:49.023+0000] {taskinstance.py:340} INFO - ::group::Post task execution logs
[2026-02-25T20:14:49.024+0000] {taskinstance.py:352} INFO - Marking task as SUCCESS. dag_id=historical_ingest_for_month, task_id=fetch_and_upload_to_gcs, run_id=backfill__2024-11-01T00:00:00+00:00, execution_date=20241101T000000, start_date=20260225T200915, end_date=20260225T201449
[2026-02-25T20:14:55.890+0000] {local_task_job_runner.py:266} INFO - Task exited with return code 0
[2026-02-25T20:14:56.601+0000] {taskinstance.py:3895} INFO - 0 downstream tasks scheduled from follow-on schedule check
[2026-02-25T20:14:56.610+0000] {local_task_job_runner.py:245} INFO - ::endgroup::
