[2026-03-01T00:20:48.683+0000] {local_task_job_runner.py:123} INFO - ::group::Pre task execution logs
[2026-03-01T00:20:48.762+0000] {taskinstance.py:2613} INFO - Dependencies all met for dep_context=non-requeueable deps ti=<TaskInstance: historical_ingest_gcs_to_bq_for_month.fetch_and_upload_to_gcs backfill__2024-03-01T00:00:00+00:00 [queued]>
[2026-03-01T00:20:48.794+0000] {taskinstance.py:2613} INFO - Dependencies all met for dep_context=requeueable deps ti=<TaskInstance: historical_ingest_gcs_to_bq_for_month.fetch_and_upload_to_gcs backfill__2024-03-01T00:00:00+00:00 [queued]>
[2026-03-01T00:20:48.796+0000] {taskinstance.py:2866} INFO - Starting attempt 1 of 1
[2026-03-01T00:20:48.836+0000] {taskinstance.py:2889} INFO - Executing <Task(PythonOperator): fetch_and_upload_to_gcs> on 2024-03-01 00:00:00+00:00
[2026-03-01T00:20:48.864+0000] {logging_mixin.py:190} WARNING - /home/***/.local/lib/python3.12/site-packages/***/task/task_runner/standard_task_runner.py:70 DeprecationWarning: This process (pid=40687) is multi-threaded, use of fork() may lead to deadlocks in the child.
[2026-03-01T00:20:48.864+0000] {standard_task_runner.py:104} INFO - Running: ['***', 'tasks', 'run', 'historical_ingest_gcs_to_bq_for_month', 'fetch_and_upload_to_gcs', 'backfill__2024-03-01T00:00:00+00:00', '--job-id', '93', '--pool', 'default_pool', '--raw', '--subdir', 'DAGS_FOLDER/historical_ingest_gcs_to_bq.py', '--cfg-path', '/tmp/tmp6syogzp6']
[2026-03-01T00:20:48.867+0000] {standard_task_runner.py:72} INFO - Started process 40694 to run task
[2026-03-01T00:20:48.870+0000] {standard_task_runner.py:105} INFO - Job 93: Subtask fetch_and_upload_to_gcs
[2026-03-01T00:20:48.936+0000] {logging_mixin.py:190} WARNING - /home/***/.local/lib/python3.12/site-packages/***/settings.py:209 DeprecationWarning: The sql_alchemy_conn option in [core] has been moved to the sql_alchemy_conn option in [database] - the old setting has been used, but please update your config.
[2026-03-01T00:20:49.026+0000] {task_command.py:467} INFO - Running <TaskInstance: historical_ingest_gcs_to_bq_for_month.fetch_and_upload_to_gcs backfill__2024-03-01T00:00:00+00:00 [running]> on host 49b68930484c
[2026-03-01T00:20:49.030+0000] {logging_mixin.py:190} WARNING - /home/***/.local/lib/python3.12/site-packages/***/settings.py:470 DeprecationWarning: The sql_alchemy_conn option in [core] has been moved to the sql_alchemy_conn option in [database] - the old setting has been used, but please update your config.
[2026-03-01T00:20:49.158+0000] {taskinstance.py:3132} INFO - Exporting env vars: AIRFLOW_CTX_DAG_OWNER='***' AIRFLOW_CTX_DAG_ID='historical_ingest_gcs_to_bq_for_month' AIRFLOW_CTX_TASK_ID='fetch_and_upload_to_gcs' AIRFLOW_CTX_EXECUTION_DATE='2024-03-01T00:00:00+00:00' AIRFLOW_CTX_TRY_NUMBER='1' AIRFLOW_CTX_DAG_RUN_ID='backfill__2024-03-01T00:00:00+00:00'
[2026-03-01T00:20:49.160+0000] {taskinstance.py:731} INFO - ::endgroup::
[2026-03-01T00:20:49.181+0000] {logging_mixin.py:190} INFO - month: 3
[2026-03-01T00:20:49.181+0000] {logging_mixin.py:190} INFO - year: 2024
[2026-03-01T00:20:49.182+0000] {logging_mixin.py:190} INFO - Fetching data from https://transparenciachc.blob.core.windows.net/oc-da/2024-3.zip...
[2026-03-01T00:20:50.065+0000] {logging_mixin.py:190} INFO - Buffering ZIP to temp file...
[2026-03-01T00:21:08.656+0000] {logging_mixin.py:190} INFO - Extracting CSV from ZIP...
[2026-03-01T00:21:08.657+0000] {logging_mixin.py:190} INFO - Converting encoding and buffering to a temporary CSV file...
[2026-03-01T00:21:55.708+0000] {logging_mixin.py:190} INFO - Uploading converted CSV to GCS...
[2026-03-01T00:23:42.710+0000] {logging_mixin.py:190} INFO - Uploaded https://transparenciachc.blob.core.windows.net/oc-da/2024-3.zip -> gs://sublime-seat-484418-h6-***_datazoomcap_project_bucket/historical/year=2024/month=03/data.csv
[2026-03-01T00:23:42.714+0000] {python.py:240} INFO - Done. Returned value was: None
[2026-03-01T00:23:42.737+0000] {taskinstance.py:340} INFO - ::group::Post task execution logs
[2026-03-01T00:23:42.739+0000] {taskinstance.py:352} INFO - Marking task as SUCCESS. dag_id=historical_ingest_gcs_to_bq_for_month, task_id=fetch_and_upload_to_gcs, run_id=backfill__2024-03-01T00:00:00+00:00, execution_date=20240301T000000, start_date=20260301T002048, end_date=20260301T002342
[2026-03-01T00:23:42.861+0000] {local_task_job_runner.py:266} INFO - Task exited with return code 0
[2026-03-01T00:23:42.942+0000] {taskinstance.py:3895} INFO - 1 downstream tasks scheduled from follow-on schedule check
[2026-03-01T00:23:42.949+0000] {local_task_job_runner.py:245} INFO - ::endgroup::
